2025-03-15 15:26:17,866 [INFO] Activator:176 - 


2025-03-15 15:26:17,868 [INFO] Activator:177 - !SESSION log4j initialized
2025-03-15 15:26:20,350 [INFO] LogOutputStream:77 - [STDOUT_REDIRECT] 
2025-03-15 15:26:22,161 [INFO] ApplicationProperties:184 - Using Application install path: C:\ST\STM32CubeIDE_1.13.1\STM32CubeIDE\plugins\com.st.stm32cube.common.mx_6.14.0.202502271554
2025-03-15 15:26:22,177 [INFO] DbMcusXml:78 - Set database path to: C:\ST\STM32CubeIDE_1.13.1\STM32CubeIDE\plugins\com.st.stm32cube.common.mx_6.14.0.202502271554\\db\/mcu/
2025-03-15 15:26:22,178 [INFO] ApiDb:274 - Set plugin database path to: C:\ST\STM32CubeIDE_1.13.1\STM32CubeIDE\plugins\com.st.stm32cube.common.mx_6.14.0.202502271554\\db\/plugins/boardmanager/
2025-03-15 15:26:22,178 [WARN] ApiDb:259 - Overriding images path with different value:  => C:\ST\STM32CubeIDE_1.13.1\STM32CubeIDE\plugins\com.st.stm32cube.common.mx_6.14.0.202502271554\\db\/plugins/mcufinder/images/
2025-03-15 15:26:22,182 [INFO] ApiDb:250 - Set database path to: C:\Users\tlend\.stmcufinder\plugins\mcufinder//mcu/
2025-03-15 15:26:22,184 [INFO] DbMcusAds:125 - Set database path to: C:\Users\tlend\.stmcufinder\plugins\mcufinder//mcu/
2025-03-15 15:26:22,185 [INFO] CrossReferenceDbSqlite:203 - Set database path to: C:\Users\tlend\.stmcufinder\plugins\mcufinder//mcu/cs/
2025-03-15 15:26:22,271 [INFO] RulesReader:64 - Compatibility file has been processed (301 Rules)
2025-03-15 15:26:22,347 [INFO] DbMcusXml:78 - Set database path to: C:\ST\STM32CubeIDE_1.13.1\STM32CubeIDE\plugins\com.st.stm32cube.common.mx_6.14.0.202502271554\\db\/mcu/
2025-03-15 15:26:22,347 [INFO] ApiDb:274 - Set plugin database path to: C:\ST\STM32CubeIDE_1.13.1\STM32CubeIDE\plugins\com.st.stm32cube.common.mx_6.14.0.202502271554\\db\/plugins/boardmanager/
2025-03-15 15:26:22,347 [INFO] ApiDb:261 - Set plugin images path to: C:\ST\STM32CubeIDE_1.13.1\STM32CubeIDE\plugins\com.st.stm32cube.common.mx_6.14.0.202502271554\\db\/plugins/mcufinder/images/
2025-03-15 15:26:22,347 [WARN] DbFile:41 - Overriding database path with different value: C:\Users\tlend\.stmcufinder\plugins\mcufinder/ => C:\Users\tlend\.stmcufinder\plugins\mcufinder
2025-03-15 15:26:22,347 [INFO] ApiDb:250 - Set database path to: C:\Users\tlend\.stmcufinder\plugins\mcufinder//mcu/
2025-03-15 15:26:22,347 [WARN] DbFile:41 - Overriding database path with different value: C:\Users\tlend\.stmcufinder\plugins\mcufinder/ => C:\Users\tlend\.stmcufinder\plugins\mcufinder
2025-03-15 15:26:22,347 [INFO] DbMcusAds:125 - Set database path to: C:\Users\tlend\.stmcufinder\plugins\mcufinder//mcu/
2025-03-15 15:26:22,347 [WARN] DbFile:41 - Overriding database path with different value: C:\Users\tlend\.stmcufinder\plugins\mcufinder/ => C:\Users\tlend\.stmcufinder\plugins\mcufinder
2025-03-15 15:26:22,347 [WARN] DbFile:41 - Overriding database path with different value: C:\Users\tlend\.stmcufinder\plugins\mcufinder/ => C:\Users\tlend\.stmcufinder\plugins\mcufinder
2025-03-15 15:26:22,348 [INFO] CrossReferenceDbSqlite:203 - Set database path to: C:\Users\tlend\.stmcufinder\plugins\mcufinder//mcu/cs/
2025-03-15 15:26:22,409 [INFO] MainPanel:272 - HeapMemory: 268435456
2025-03-15 15:26:22,478 [INFO] DbMcusXml:78 - Set database path to: C:\ST\STM32CubeIDE_1.13.1\STM32CubeIDE\plugins\com.st.stm32cube.common.mx_6.14.0.202502271554\\db\/mcu/
2025-03-15 15:26:22,478 [INFO] ApiDb:274 - Set plugin database path to: C:\ST\STM32CubeIDE_1.13.1\STM32CubeIDE\plugins\com.st.stm32cube.common.mx_6.14.0.202502271554\\db\/plugins/boardmanager/
2025-03-15 15:26:22,478 [INFO] ApiDb:261 - Set plugin images path to: C:\ST\STM32CubeIDE_1.13.1\STM32CubeIDE\plugins\com.st.stm32cube.common.mx_6.14.0.202502271554\\db\/plugins/mcufinder/images/
2025-03-15 15:26:22,479 [WARN] DbFile:41 - Overriding database path with different value: C:\Users\tlend\.stmcufinder\plugins\mcufinder/ => C:\Users\tlend\.stmcufinder\plugins\mcufinder
2025-03-15 15:26:22,479 [INFO] ApiDb:250 - Set database path to: C:\Users\tlend\.stmcufinder\plugins\mcufinder//mcu/
2025-03-15 15:26:22,479 [WARN] DbFile:41 - Overriding database path with different value: C:\Users\tlend\.stmcufinder\plugins\mcufinder/ => C:\Users\tlend\.stmcufinder\plugins\mcufinder
2025-03-15 15:26:22,479 [INFO] DbMcusAds:125 - Set database path to: C:\Users\tlend\.stmcufinder\plugins\mcufinder//mcu/
2025-03-15 15:26:22,479 [WARN] DbFile:41 - Overriding database path with different value: C:\Users\tlend\.stmcufinder\plugins\mcufinder/ => C:\Users\tlend\.stmcufinder\plugins\mcufinder
2025-03-15 15:26:22,479 [WARN] DbFile:41 - Overriding database path with different value: C:\Users\tlend\.stmcufinder\plugins\mcufinder/ => C:\Users\tlend\.stmcufinder\plugins\mcufinder
2025-03-15 15:26:22,479 [INFO] CrossReferenceDbSqlite:203 - Set database path to: C:\Users\tlend\.stmcufinder\plugins\mcufinder//mcu/cs/
2025-03-15 15:26:22,495 [INFO] ApplicationProperties:184 - Using Application install path: C:\ST\STM32CubeIDE_1.13.1\STM32CubeIDE\plugins\com.st.stm32cube.common.mx_6.14.0.202502271554
2025-03-15 15:26:22,496 [INFO] PluginManage:196 - Search for loadable plugins [exclusion list=, ]
2025-03-15 15:26:22,497 [INFO] PluginManage:310 - Check plugin analytics
2025-03-15 15:26:22,716 [INFO] AnalyticsPlugin:253 - Accepted Software Licenses: 
2025-03-15 15:26:22,716 [INFO] AnalyticsPlugin:255 - Accepted CMSIS Pack Licenses: 
2025-03-15 15:26:22,716 [INFO] AnalyticsPlugin:257 - Accepted Firmware Licenses: 
2025-03-15 15:26:22,722 [INFO] PluginManage:359 - Loaded plugin analytics (category:tool,tabindex:-1)
2025-03-15 15:26:22,722 [INFO] PluginManage:310 - Check plugin cadmodel
2025-03-15 15:26:22,729 [INFO] CADModel:105 - Init CAD model plugin
2025-03-15 15:26:22,729 [INFO] PluginManage:359 - Loaded plugin cadmodel (category:power,tabindex:5)
2025-03-15 15:26:22,729 [INFO] PluginManage:310 - Check plugin clock
2025-03-15 15:26:22,738 [INFO] PluginManage:359 - Loaded plugin clock (category:base,tabindex:2)
2025-03-15 15:26:22,739 [INFO] PluginManage:310 - Check plugin ddr
2025-03-15 15:26:22,741 [INFO] PluginManage:359 - Loaded plugin ddr (category:tool,tabindex:6)
2025-03-15 15:26:22,741 [INFO] PluginManage:310 - Check plugin filemanager
2025-03-15 15:26:22,871 [INFO] PluginManage:359 - Loaded plugin filemanager (category:base,tabindex:10)
2025-03-15 15:26:22,872 [INFO] PluginManage:310 - Check plugin ipmanager
2025-03-15 15:26:22,878 [INFO] PluginManage:359 - Loaded plugin ipmanager (category:base,tabindex:5)
2025-03-15 15:26:22,878 [INFO] PluginManage:310 - Check plugin lpbam
2025-03-15 15:26:22,885 [INFO] PluginManage:359 - Loaded plugin lpbam (category:base,tabindex:0)
2025-03-15 15:26:22,886 [INFO] PluginManage:310 - Check plugin memorymap
2025-03-15 15:26:22,897 [INFO] PluginManage:359 - Loaded plugin memorymap (category:base,tabindex:4)
2025-03-15 15:26:22,897 [INFO] PluginManage:310 - Check plugin pinoutandconfiguration
2025-03-15 15:26:22,903 [INFO] PluginManage:359 - Loaded plugin pinoutandconfiguration (category:base,tabindex:1)
2025-03-15 15:26:22,903 [INFO] PluginManage:310 - Check plugin pinoutconfig
2025-03-15 15:26:22,975 [WARN] SupportedApi:132 - Cannot load RTOS API schema: s4s-elt-must-match.1: The content of 'definitions' must match (annotation?, (simpleType | complexType)?, (unique | key | keyref)*)). A problem was found starting at: attribute.
2025-03-15 15:26:23,075 [INFO] PluginManage:359 - Loaded plugin pinoutconfig (category:base,tabindex:0)
2025-03-15 15:26:23,075 [INFO] PluginManage:310 - Check plugin power
2025-03-15 15:26:23,082 [INFO] PluginManage:359 - Loaded plugin power (category:power,tabindex:4)
2025-03-15 15:26:23,082 [INFO] PluginManage:310 - Check plugin projectmanager
2025-03-15 15:26:23,094 [INFO] PluginManage:359 - Loaded plugin projectmanager (category:projectmanager,tabindex:4)
2025-03-15 15:26:23,094 [INFO] PluginManage:310 - Check plugin rif
2025-03-15 15:26:23,099 [INFO] PluginManage:359 - Loaded plugin rif (category:base,tabindex:3)
2025-03-15 15:26:23,099 [INFO] PluginManage:310 - Check plugin thirdparty
2025-03-15 15:26:23,208 [INFO] PluginManage:359 - Loaded plugin thirdparty (category:base,tabindex:-1)
2025-03-15 15:26:23,209 [INFO] PluginManage:310 - Check plugin tools
2025-03-15 15:26:23,208 [WARN] IntegrityCheckThread:84 - waiting for thirdparty lock release [integrity check]
2025-03-15 15:26:23,209 [INFO] IntegrityCheckThread:86 - entering critical section [integrity check]
2025-03-15 15:26:23,209 [INFO] ThirdPartyUpdaterWithRetryManager:70 - Updater plugin not ready yet. [1/15]
2025-03-15 15:26:23,211 [INFO] PluginManage:359 - Loaded plugin tools (category:base,tabindex:7)
2025-03-15 15:26:23,211 [INFO] PluginManage:310 - Check plugin tutovideos
2025-03-15 15:26:23,344 [INFO] PluginManage:359 - Loaded plugin tutovideos (category:base,tabindex:-1)
2025-03-15 15:26:23,344 [INFO] PluginManage:310 - Check plugin updater
2025-03-15 15:26:23,361 [INFO] PluginManage:359 - Loaded plugin updater (category:base,tabindex:12)
2025-03-15 15:26:23,361 [INFO] PluginManage:310 - Check plugin userauth
2025-03-15 15:26:23,364 [INFO] UserAuth:118 - Init User Auth plugin
2025-03-15 15:26:23,364 [INFO] PluginManage:359 - Loaded plugin userauth (category:base,tabindex:14)
2025-03-15 15:26:23,365 [INFO] PluginManage:283 - PluginManage : Loaded plugins [18]
2025-03-15 15:26:23,532 [INFO] PinOutPanel:1589 - setPackage(No Configuration,No Configuration)
2025-03-15 15:26:23,606 [INFO] CADModel:165 - CPN selected for project level
2025-03-15 15:26:23,606 [INFO] CADModel:114 - Register for checkConnection events
2025-03-15 15:26:23,623 [INFO] IPUIPlugin:80 - create IPUIPlugin
2025-03-15 15:26:23,623 [INFO] PluginManager:220 - loadIPPluginJar : add adc
2025-03-15 15:26:23,627 [INFO] IPUIPlugin:80 - create IPUIPlugin
2025-03-15 15:26:23,627 [INFO] PluginManager:220 - loadIPPluginJar : add aes
2025-03-15 15:26:23,629 [INFO] IPUIPlugin:80 - create IPUIPlugin
2025-03-15 15:26:23,629 [INFO] PluginManager:220 - loadIPPluginJar : add can
2025-03-15 15:26:23,631 [INFO] IPUIPlugin:80 - create IPUIPlugin
2025-03-15 15:26:23,631 [INFO] PluginManager:220 - loadIPPluginJar : add comp
2025-03-15 15:26:23,633 [INFO] IPUIPlugin:80 - create IPUIPlugin
2025-03-15 15:26:23,633 [INFO] PluginManager:220 - loadIPPluginJar : add cryp
2025-03-15 15:26:23,635 [INFO] IPUIPlugin:80 - create IPUIPlugin
2025-03-15 15:26:23,635 [INFO] PluginManager:220 - loadIPPluginJar : add ddr_ctrl_phy
2025-03-15 15:26:23,637 [INFO] IPUIPlugin:80 - create IPUIPlugin
2025-03-15 15:26:23,637 [INFO] PluginManager:220 - loadIPPluginJar : add dfsdm
2025-03-15 15:26:23,642 [INFO] IPUIPlugin:80 - create IPUIPlugin
2025-03-15 15:26:23,642 [INFO] PluginManager:220 - loadIPPluginJar : add dma
2025-03-15 15:26:23,644 [INFO] IPUIPlugin:80 - create IPUIPlugin
2025-03-15 15:26:23,645 [INFO] PluginManager:220 - loadIPPluginJar : add dma3
2025-03-15 15:26:23,646 [INFO] IPUIPlugin:80 - create IPUIPlugin
2025-03-15 15:26:23,646 [INFO] PluginManager:220 - loadIPPluginJar : add extmemmanager
2025-03-15 15:26:23,647 [INFO] IPUIPlugin:80 - create IPUIPlugin
2025-03-15 15:26:23,647 [INFO] PluginManager:220 - loadIPPluginJar : add fatfs
2025-03-15 15:26:23,651 [INFO] IPUIPlugin:80 - create IPUIPlugin
2025-03-15 15:26:23,651 [INFO] PluginManager:220 - loadIPPluginJar : add fmc
2025-03-15 15:26:23,656 [INFO] IPUIPlugin:80 - create IPUIPlugin
2025-03-15 15:26:23,657 [INFO] PluginManager:220 - loadIPPluginJar : add freertos
2025-03-15 15:26:23,658 [INFO] IPUIPlugin:80 - create IPUIPlugin
2025-03-15 15:26:23,658 [INFO] PluginManager:220 - loadIPPluginJar : add genericplugin
2025-03-15 15:26:23,660 [INFO] IPUIPlugin:80 - create IPUIPlugin
2025-03-15 15:26:23,661 [INFO] PluginManager:220 - loadIPPluginJar : add gfxmmu
2025-03-15 15:26:23,664 [INFO] IPUIPlugin:80 - create IPUIPlugin
2025-03-15 15:26:23,665 [INFO] PluginManager:220 - loadIPPluginJar : add gic
2025-03-15 15:26:23,668 [INFO] IPUIPlugin:80 - create IPUIPlugin
2025-03-15 15:26:23,669 [INFO] PluginManager:220 - loadIPPluginJar : add gpio
2025-03-15 15:26:23,671 [INFO] IPUIPlugin:80 - create IPUIPlugin
2025-03-15 15:26:23,671 [INFO] PluginManager:220 - loadIPPluginJar : add gtzc
2025-03-15 15:26:23,673 [INFO] IPUIPlugin:80 - create IPUIPlugin
2025-03-15 15:26:23,673 [INFO] PluginManager:220 - loadIPPluginJar : add hash
2025-03-15 15:26:23,675 [INFO] IPUIPlugin:80 - create IPUIPlugin
2025-03-15 15:26:23,675 [INFO] PluginManager:220 - loadIPPluginJar : add i2c
2025-03-15 15:26:23,677 [INFO] IPUIPlugin:80 - create IPUIPlugin
2025-03-15 15:26:23,677 [INFO] PluginManager:220 - loadIPPluginJar : add i2s
2025-03-15 15:26:23,681 [INFO] IPUIPlugin:80 - create IPUIPlugin
2025-03-15 15:26:23,681 [INFO] PluginManager:220 - loadIPPluginJar : add i3c
2025-03-15 15:26:23,686 [INFO] IPUIPlugin:80 - create IPUIPlugin
2025-03-15 15:26:23,686 [INFO] PluginManager:220 - loadIPPluginJar : add ipddr
2025-03-15 15:26:23,692 [INFO] IPUIPlugin:80 - create IPUIPlugin
2025-03-15 15:26:23,692 [INFO] PluginManager:220 - loadIPPluginJar : add linkedlist
2025-03-15 15:26:23,695 [INFO] IPUIPlugin:80 - create IPUIPlugin
2025-03-15 15:26:23,695 [INFO] PluginManager:220 - loadIPPluginJar : add lorawan
2025-03-15 15:26:23,697 [INFO] IPUIPlugin:80 - create IPUIPlugin
2025-03-15 15:26:23,697 [INFO] PluginManager:220 - loadIPPluginJar : add ltdc
2025-03-15 15:26:23,702 [INFO] IPUIPlugin:80 - create IPUIPlugin
2025-03-15 15:26:23,702 [INFO] PluginManager:220 - loadIPPluginJar : add mdma
2025-03-15 15:26:23,706 [INFO] IPUIPlugin:80 - create IPUIPlugin
2025-03-15 15:26:23,706 [INFO] PluginManager:220 - loadIPPluginJar : add nvic
2025-03-15 15:26:23,709 [INFO] IPUIPlugin:80 - create IPUIPlugin
2025-03-15 15:26:23,709 [INFO] PluginManager:220 - loadIPPluginJar : add opamp
2025-03-15 15:26:23,711 [INFO] IPUIPlugin:80 - create IPUIPlugin
2025-03-15 15:26:23,712 [INFO] PluginManager:220 - loadIPPluginJar : add openamp
2025-03-15 15:26:23,714 [INFO] IPUIPlugin:80 - create IPUIPlugin
2025-03-15 15:26:23,714 [INFO] PluginManager:220 - loadIPPluginJar : add pdm2pcm
2025-03-15 15:26:23,720 [INFO] IPUIPlugin:80 - create IPUIPlugin
2025-03-15 15:26:23,723 [INFO] PluginManager:220 - loadIPPluginJar : add plateformsettings
2025-03-15 15:26:23,725 [INFO] IPUIPlugin:80 - create IPUIPlugin
2025-03-15 15:26:23,725 [INFO] PluginManager:220 - loadIPPluginJar : add quadspi
2025-03-15 15:26:23,727 [INFO] IPUIPlugin:80 - create IPUIPlugin
2025-03-15 15:26:23,728 [INFO] PluginManager:220 - loadIPPluginJar : add radio
2025-03-15 15:26:23,731 [INFO] IPUIPlugin:80 - create IPUIPlugin
2025-03-15 15:26:23,731 [INFO] PluginManager:220 - loadIPPluginJar : add resmgrutility
2025-03-15 15:26:23,734 [INFO] IPUIPlugin:80 - create IPUIPlugin
2025-03-15 15:26:23,734 [INFO] PluginManager:220 - loadIPPluginJar : add sai
2025-03-15 15:26:23,736 [INFO] IPUIPlugin:80 - create IPUIPlugin
2025-03-15 15:26:23,736 [INFO] PluginManager:220 - loadIPPluginJar : add spi
2025-03-15 15:26:23,743 [INFO] IPUIPlugin:80 - create IPUIPlugin
2025-03-15 15:26:23,743 [INFO] PluginManager:220 - loadIPPluginJar : add stm32_wpan
2025-03-15 15:26:23,744 [INFO] IPUIPlugin:80 - create IPUIPlugin
2025-03-15 15:26:23,745 [INFO] PluginManager:220 - loadIPPluginJar : add tim
2025-03-15 15:26:23,748 [INFO] IPUIPlugin:80 - create IPUIPlugin
2025-03-15 15:26:23,749 [INFO] PluginManager:220 - loadIPPluginJar : add touchsensing
2025-03-15 15:26:23,750 [INFO] IPUIPlugin:80 - create IPUIPlugin
2025-03-15 15:26:23,750 [INFO] PluginManager:220 - loadIPPluginJar : add tracer_emb
2025-03-15 15:26:23,751 [INFO] IPUIPlugin:80 - create IPUIPlugin
2025-03-15 15:26:23,752 [INFO] PluginManager:220 - loadIPPluginJar : add ts
2025-03-15 15:26:23,753 [INFO] IPUIPlugin:80 - create IPUIPlugin
2025-03-15 15:26:23,753 [INFO] PluginManager:220 - loadIPPluginJar : add tsc
2025-03-15 15:26:23,754 [INFO] IPUIPlugin:80 - create IPUIPlugin
2025-03-15 15:26:23,754 [INFO] PluginManager:220 - loadIPPluginJar : add ucpd
2025-03-15 15:26:23,756 [INFO] IPUIPlugin:80 - create IPUIPlugin
2025-03-15 15:26:23,756 [INFO] PluginManager:220 - loadIPPluginJar : add usart
2025-03-15 15:26:23,759 [INFO] IPUIPlugin:80 - create IPUIPlugin
2025-03-15 15:26:23,759 [INFO] PluginManager:220 - loadIPPluginJar : add usbx
2025-03-15 15:26:23,878 [FATAL] Updater:351 - Updater called before beeing initialized
2025-03-15 15:26:23,899 [INFO] RulesReader:64 - Compatibility file has been processed (301 Rules)
2025-03-15 15:26:23,908 [INFO] RulesReader:64 - Compatibility file has been processed (301 Rules)
2025-03-15 15:26:23,915 [INFO] CADModel:165 - CPN selected for project level
2025-03-15 15:26:23,915 [INFO] CADModel:114 - Register for checkConnection events
2025-03-15 15:26:23,915 [FATAL] Updater:351 - Updater called before beeing initialized
2025-03-15 15:26:23,915 [ERROR] CADModel:125 - Updater not yet initialized, retry later 
2025-03-15 15:26:24,049 [FATAL] Updater:351 - Updater called before beeing initialized
2025-03-15 15:26:24,050 [INFO] CADModel:165 - CPN selected for project level
2025-03-15 15:26:24,051 [INFO] CADModel:114 - Register for checkConnection events
2025-03-15 15:26:24,051 [FATAL] Updater:351 - Updater called before beeing initialized
2025-03-15 15:26:24,051 [ERROR] CADModel:125 - Updater not yet initialized, retry later 
2025-03-15 15:26:24,054 [FATAL] Updater:351 - Updater called before beeing initialized
2025-03-15 15:26:24,159 [FATAL] Updater:351 - Updater called before beeing initialized
2025-03-15 15:26:24,162 [INFO] DbMcusAds:53 - JSON generation date=Tue Dec 17 17:01:15 CET 2024 (1734451275143)
2025-03-15 15:26:24,162 [FATAL] Updater:351 - Updater called before beeing initialized
2025-03-15 15:26:24,190 [WARN] DetailPanel:346 - Failed to get advertising image, set to default
2025-03-15 15:26:24,402 [FATAL] Updater:351 - Updater called before beeing initialized
2025-03-15 15:26:24,404 [FATAL] Updater:351 - Updater called before beeing initialized
2025-03-15 15:26:24,404 [FATAL] Updater:351 - Updater called before beeing initialized
2025-03-15 15:26:24,404 [WARN] DetailPanel:346 - Failed to get advertising image, set to default
2025-03-15 15:26:24,405 [FATAL] Updater:351 - Updater called before beeing initialized
2025-03-15 15:26:24,454 [ERROR] Updater:1198 - MainUpdater not yet initialized. External WinMGr cannot be set.
2025-03-15 15:26:24,456 [INFO] Updater:1134 - Updater Version found : 6.14.0
2025-03-15 15:26:24,472 [INFO] ApplicationProperties:184 - Using Application install path: C:\ST\STM32CubeIDE_1.13.1\STM32CubeIDE\plugins\com.st.stm32cube.common.mx_6.14.0.202502271554
2025-03-15 15:26:26,037 [ERROR] LogOutputStream:75 - [STDERR_REDIRECT] Mar 15, 2025 3:26:26 PM java.util.prefs.WindowsPreferences <init>
2025-03-15 15:26:26,038 [ERROR] LogOutputStream:75 - [STDERR_REDIRECT] WARNING: Could not open/create prefs root node Software\JavaSoft\Prefs at root 0xffffffff80000002. Windows RegCreateKeyEx(...) returned error code 5.
2025-03-15 15:26:26,038 [ERROR] LogOutputStream:75 - [STDERR_REDIRECT] 
2025-03-15 15:26:26,210 [INFO] ThirdPartyUpdaterWithRetryManager:70 - Updater plugin not ready yet. [2/15]
2025-03-15 15:26:26,340 [INFO] MainUpdater:2872 - connection check result : 10
2025-03-15 15:26:26,341 [INFO] MainUpdater:289 - Updater Check For Update Now.
2025-03-15 15:26:26,341 [INFO] MicroXplorer:498 - Change Database Version : DB.6.0.140
2025-03-15 15:26:26,346 [INFO] McuFinderGlobals:63 - Set McuFinder mode to 2 (CubeIDE integrated)
2025-03-15 15:26:26,346 [INFO] UserAuth:171 - activating auth plugin
2025-03-15 15:26:26,349 [INFO] UserAuth:486 - Internet connection configuration mode: 1
2025-03-15 15:26:26,380 [INFO] JxBrowserEngine:152 - Initiate JxBrowser Engine with user profile folder
2025-03-15 15:26:26,522 [INFO] CheckServerUpdateThread:120 - End of CheckServer Thread
2025-03-15 15:26:26,966 [INFO] WebApp:169 - Instantiating new browser for Auth
2025-03-15 15:26:27,489 [INFO] WebApp:463 - Apply proxy settings
2025-03-15 15:26:27,489 [INFO] WebApp:548 - Chromium requires no authentication
2025-03-15 15:26:27,496 [INFO] WebApp:491 - Direct internet connection detected
2025-03-15 15:26:27,512 [INFO] WebApp:894 - Register for checkConnection events
2025-03-15 15:26:27,512 [INFO] WebApp:463 - Apply proxy settings
2025-03-15 15:26:27,512 [INFO] WebApp:548 - Chromium requires no authentication
2025-03-15 15:26:27,512 [INFO] WebApp:491 - Direct internet connection detected
2025-03-15 15:26:27,635 [INFO] WebApp:225 - Starting web application
2025-03-15 15:26:27,635 [INFO] WebApp:593 - Web application path used C:\ST\STM32CubeIDE_1.13.1\STM32CubeIDE\plugins\com.st.stm32cube.common.mx_6.14.0.202502271554\db\plugins\mcufinder\reactClient1\index.html
2025-03-15 15:26:27,761 [INFO] WebApp:191 - Connection restablished
2025-03-15 15:26:29,434 [WARN] PackLoader:240 - Cannot read IP mode file for STMicroelectronics.FP-SNS-MOTENVWB1.1.4.0
2025-03-15 15:26:29,444 [WARN] PackLoader:240 - Cannot read IP mode file for STMicroelectronics.FP-ATR-ASTRA1.2.0.2
2025-03-15 15:26:29,449 [WARN] PackLoader:240 - Cannot read IP mode file for STMicroelectronics.FP-ATR-ASTRA1.2.0.1
2025-03-15 15:26:29,457 [WARN] PackLoader:240 - Cannot read IP mode file for STMicroelectronics.X-CUBE-SMBUS.2.1.0
2025-03-15 15:26:29,465 [WARN] PackLoader:240 - Cannot read IP mode file for STMicroelectronics.X-CUBE-WB05N.1.1.0
2025-03-15 15:26:29,499 [WARN] PackLoader:240 - Cannot read IP mode file for STMicroelectronics.X-CUBE-AZRTOS-F7.1.1.0
2025-03-15 15:26:29,510 [WARN] PackLoader:240 - Cannot read IP mode file for STMicroelectronics.FP-SNS-MOTENV1.4.3.2
2025-03-15 15:26:29,581 [WARN] PackLoader:240 - Cannot read IP mode file for STMicroelectronics.X-CUBE-MEMS1.11.0.0
2025-03-15 15:26:29,795 [WARN] PackLoader:240 - Cannot read IP mode file for STMicroelectronics.FP-SNS-FLIGHT1.5.0.2
2025-03-15 15:26:29,806 [WARN] PackLoader:240 - Cannot read IP mode file for STMicroelectronics.X-CUBE-DISPLAY.3.0.0
2025-03-15 15:26:29,819 [WARN] PackLoader:240 - Cannot read IP mode file for STMicroelectronics.X-CUBE-BLE1.7.0.0
2025-03-15 15:26:29,828 [WARN] PackLoader:240 - Cannot read IP mode file for STMicroelectronics.X-CUBE-NFC10.1.0.0
2025-03-15 15:26:29,836 [WARN] PackLoader:240 - Cannot read IP mode file for STMicroelectronics.X-CUBE-BLEMGR.4.0.0
2025-03-15 15:26:29,844 [WARN] PackLoader:240 - Cannot read IP mode file for emotas.I-CUBE-CANOPEN.1.3.0
2025-03-15 15:26:29,851 [WARN] PackLoader:240 - Cannot read IP mode file for STMicroelectronics.X-CUBE-TOUCHGFX.4.22.0
2025-03-15 15:26:29,853 [WARN] PackLoader:240 - Cannot read IP mode file for STMicroelectronics.X-CUBE-TOUCHGFX.4.22.1
2025-03-15 15:26:29,861 [WARN] PackLoader:240 - Cannot read IP mode file for STMicroelectronics.X-CUBE-BLEMGR.3.1.0
2025-03-15 15:26:29,866 [WARN] PackLoader:240 - Cannot read IP mode file for STMicroelectronics.X-CUBE-AI.10.0.0
2025-03-15 15:26:29,871 [WARN] PackLoader:240 - Cannot read IP mode file for STMicroelectronics.FP-SNS-SMARTAG2.1.2.0
2025-03-15 15:26:29,875 [WARN] PackLoader:240 - Cannot read IP mode file for STMicroelectronics.FP-SNS-FLIGHT1.5.1.0
2025-03-15 15:26:29,919 [WARN] PackLoader:240 - Cannot read IP mode file for STMicroelectronics.X-CUBE-MEMS1.11.1.0
2025-03-15 15:26:30,069 [INFO] LogOutputStream:77 - [STDOUT_REDIRECT] 1 : Invalid condition id : UX_CORESTACK_Condition cause : null
2025-03-15 15:26:30,071 [INFO] LogOutputStream:77 - [STDOUT_REDIRECT] 1 : Invalid condition id : UX_CORESTACK_Condition cause : null
2025-03-15 15:26:30,072 [INFO] LogOutputStream:77 - [STDOUT_REDIRECT] 1 : Invalid condition id : UX_CORESTACK_Condition cause : null
2025-03-15 15:26:30,075 [INFO] LogOutputStream:77 - [STDOUT_REDIRECT] 1 : Invalid condition id : UX_CORESTACK_Condition cause : null
2025-03-15 15:26:30,075 [INFO] LogOutputStream:77 - [STDOUT_REDIRECT] 1 : Invalid condition id : UX_CORESTACK_Condition cause : null
2025-03-15 15:26:30,078 [WARN] PackLoader:240 - Cannot read IP mode file for STMicroelectronics.X-CUBE-AZRTOS-WL.2.0.0
2025-03-15 15:26:30,082 [WARN] PackLoader:240 - Cannot read IP mode file for STMicroelectronics.FP-SNS-MOTENV1.5.0.0
2025-03-15 15:26:30,087 [WARN] PackLoader:240 - Cannot read IP mode file for wolfSSL.I-CUBE-wolfMQTT.1.19.0
2025-03-15 15:26:30,095 [WARN] PackLoader:240 - Cannot read IP mode file for WES.I-CUBE-Cesium.1.3.0
2025-03-15 15:26:30,101 [WARN] PackLoader:240 - Cannot read IP mode file for STMicroelectronics.X-CUBE-BLE2.3.3.0
2025-03-15 15:26:30,108 [WARN] PackLoader:240 - Cannot read IP mode file for STMicroelectronics.X-CUBE-NFC9.1.0.0
2025-03-15 15:26:30,112 [WARN] PackLoader:240 - Cannot read IP mode file for STMicroelectronics.X-CUBE-BLE1.7.1.0
2025-03-15 15:26:30,117 [WARN] PackLoader:240 - Cannot read IP mode file for STMicroelectronics.X-CUBE-TCPP.4.1.0
2025-03-15 15:26:30,122 [WARN] PackLoader:240 - Cannot read IP mode file for STMicroelectronics.X-CUBE-ALGOBUILD.1.3.0
2025-03-15 15:26:30,132 [WARN] PackLoader:240 - Cannot read IP mode file for STMicroelectronics.X-CUBE-AZRTOS-G0.1.1.0
2025-03-15 15:26:30,140 [WARN] PackLoader:240 - Cannot read IP mode file for STMicroelectronics.X-CUBE-SAFEA1.1.2.2
2025-03-15 15:26:30,145 [WARN] PackLoader:240 - Cannot read IP mode file for STMicroelectronics.X-CUBE-NFC4.3.0.0
2025-03-15 15:26:30,153 [WARN] PackLoader:240 - Cannot read IP mode file for EmbeddedOffice.I-CUBE-FS-RTOS.1.0.1
2025-03-15 15:26:30,162 [WARN] PackLoader:240 - Cannot read IP mode file for STMicroelectronics.X-CUBE-BLEMGR.3.0.0
2025-03-15 15:26:30,168 [WARN] PackLoader:240 - Cannot read IP mode file for STMicroelectronics.X-CUBE-TCPP.4.2.0
2025-03-15 15:26:30,174 [WARN] PackLoader:240 - Cannot read IP mode file for RealThread.X-CUBE-RT-Thread_Nano.4.1.1
2025-03-15 15:26:30,179 [WARN] PackLoader:240 - Cannot read IP mode file for STMicroelectronics.FP-ATR-SIGFOX1.3.2.0
2025-03-15 15:26:30,183 [WARN] ConditionMgr:438 - getConditionDescription Invalid condition id : Cortex-A Device cause : null
2025-03-15 15:26:30,200 [WARN] ConditionMgr:1044 - genDependencies : Invalid condition id : Cortex-A Device cause : null
2025-03-15 15:26:30,200 [WARN] ConditionMgr:1044 - genDependencies : Invalid condition id : Cortex-A Device cause : null
2025-03-15 15:26:30,200 [WARN] ConditionMgr:1044 - genDependencies : Invalid condition id : Cortex-A Device cause : null
2025-03-15 15:26:30,206 [WARN] PackLoader:240 - Cannot read IP mode file for STMicroelectronics.X-CUBE-EEPRMA1.5.1.0
2025-03-15 15:26:30,231 [WARN] PackLoader:240 - Cannot read IP mode file for SEGGER.I-CUBE-embOS.1.3.1
2025-03-15 15:26:30,255 [WARN] PackLoader:240 - Cannot read IP mode file for STMicroelectronics.X-CUBE-ALGOBUILD.1.4.0
2025-03-15 15:26:30,259 [WARN] PackLoader:240 - Cannot read IP mode file for STMicroelectronics.X-CUBE-AI.9.1.0
2025-03-15 15:26:30,267 [WARN] PackLoader:240 - Cannot read IP mode file for STMicroelectronics.X-CUBE-GNSS1.6.0.0
2025-03-15 15:26:30,282 [WARN] PackLoader:240 - Cannot read IP mode file for STMicroelectronics.X-CUBE-AZRTOS-F4.1.1.0
2025-03-15 15:26:30,288 [WARN] PackLoader:240 - Cannot read IP mode file for wolfSSL.I-CUBE-wolfSSL.5.6.3
2025-03-15 15:26:30,295 [WARN] PackLoader:240 - Cannot read IP mode file for STMicroelectronics.X-CUBE-FREERTOS.1.2.0
2025-03-15 15:26:30,307 [WARN] PackLoader:240 - Cannot read IP mode file for STMicroelectronics.X-CUBE-AZRTOS-L5.2.0.0
2025-03-15 15:26:30,347 [WARN] PackLoader:240 - Cannot read IP mode file for STMicroelectronics.X-CUBE-MEMS1.9.6.0
2025-03-15 15:26:30,458 [WARN] PackLoader:240 - Cannot read IP mode file for STMicroelectronics.X-CUBE-EEPRMA1.4.2.0
2025-03-15 15:26:30,464 [WARN] PackLoader:240 - Cannot read IP mode file for STMicroelectronics.X-CUBE-NFC6.3.1.0
2025-03-15 15:26:30,471 [WARN] PackLoader:240 - Cannot read IP mode file for ITTIA_DB.I-CUBE-ITTIADB.8.8.0
2025-03-15 15:26:30,479 [WARN] PackLoader:240 - Cannot read IP mode file for STMicroelectronics.X-CUBE-BLEMGR.2.0.0
2025-03-15 15:26:30,485 [WARN] PackLoader:240 - Cannot read IP mode file for STMicroelectronics.X-CUBE-DPower.1.2.0
2025-03-15 15:26:30,490 [WARN] PackLoader:240 - Cannot read IP mode file for STMicroelectronics.X-CUBE-AI.9.0.0
2025-03-15 15:26:30,504 [WARN] ConditionMgr:438 - getConditionDescription Invalid condition id : UX DEVICE CLASS RTOS Condition cause : null
2025-03-15 15:26:30,504 [WARN] ConditionMgr:438 - getConditionDescription Invalid condition id : UX DEVICE CLASS RTOS Condition cause : null
2025-03-15 15:26:30,508 [WARN] PackLoader:240 - Cannot read IP mode file for STMicroelectronics.X-CUBE-AZRTOS-H7.3.1.0
2025-03-15 15:26:30,509 [WARN] ConditionMgr:1044 - genDependencies : Invalid condition id : UX DEVICE CLASS RTOS Condition cause : null
2025-03-15 15:26:30,509 [WARN] ConditionMgr:1044 - genDependencies : Invalid condition id : UX DEVICE CLASS RTOS Condition cause : null
2025-03-15 15:26:30,510 [WARN] ConditionMgr:1044 - genDependencies : Invalid condition id : UX DEVICE CLASS RTOS Condition cause : null
2025-03-15 15:26:30,510 [WARN] ConditionMgr:1044 - genDependencies : Invalid condition id : UX DEVICE CLASS RTOS Condition cause : null
2025-03-15 15:26:30,510 [WARN] ConditionMgr:1044 - genDependencies : Invalid condition id : UX DEVICE CLASS RTOS Condition cause : null
2025-03-15 15:26:30,514 [WARN] PackLoader:240 - Cannot read IP mode file for STMicroelectronics.X-CUBE-FREERTOS.1.3.0
2025-03-15 15:26:30,518 [WARN] PackLoader:240 - Cannot read IP mode file for STMicroelectronics.X-CUBE-NFC7.1.0.1
2025-03-15 15:26:30,523 [WARN] PackLoader:240 - Cannot read IP mode file for STMicroelectronics.X-CUBE-NFC6.3.0.0
2025-03-15 15:26:30,529 [WARN] PackLoader:240 - Cannot read IP mode file for STMicroelectronics.X-CUBE-EEPRMA1.4.1.0
2025-03-15 15:26:30,533 [WARN] PackLoader:240 - Cannot read IP mode file for STMicroelectronics.X-CUBE-AI.8.1.0
2025-03-15 15:26:30,545 [WARN] ConditionMgr:438 - getConditionDescription Invalid condition id : LAN8742 Phy interface Condition cause : null
2025-03-15 15:26:30,546 [WARN] PackLoader:240 - Cannot read IP mode file for STMicroelectronics.X-CUBE-AZRTOS-L4.2.0.0
2025-03-15 15:26:30,547 [WARN] ConditionMgr:1044 - genDependencies : Invalid condition id : LAN8742 Phy interface Condition cause : null
2025-03-15 15:26:30,547 [WARN] ConditionMgr:1044 - genDependencies : Invalid condition id : LAN8742 Phy interface Condition cause : null
2025-03-15 15:26:30,547 [WARN] ConditionMgr:1044 - genDependencies : Invalid condition id : LAN8742 Phy interface Condition cause : null
2025-03-15 15:26:30,554 [WARN] PackLoader:240 - Cannot read IP mode file for STMicroelectronics.X-CUBE-SFXS2LP1.4.0.0
2025-03-15 15:26:30,560 [WARN] PackLoader:240 - Cannot read IP mode file for STMicroelectronics.X-CUBE-ISPU.1.1.0
2025-03-15 15:26:30,570 [WARN] PackLoader:240 - Cannot read IP mode file for STMicroelectronics.X-CUBE-AZRTOS-H7.3.3.0
2025-03-15 15:26:30,581 [WARN] PackLoader:240 - Cannot read IP mode file for STMicroelectronics.X-CUBE-IPS.3.0.0
2025-03-15 15:26:30,593 [WARN] ConditionMgr:438 - getConditionDescription Invalid condition id : UX DEVICE CLASS RTOS Condition cause : null
2025-03-15 15:26:30,593 [WARN] ConditionMgr:438 - getConditionDescription Invalid condition id : UX DEVICE CLASS RTOS Condition cause : null
2025-03-15 15:26:30,594 [WARN] PackLoader:240 - Cannot read IP mode file for STMicroelectronics.X-CUBE-AZRTOS-WB.2.0.0
2025-03-15 15:26:30,595 [WARN] ConditionMgr:1044 - genDependencies : Invalid condition id : UX DEVICE CLASS RTOS Condition cause : null
2025-03-15 15:26:30,595 [WARN] ConditionMgr:1044 - genDependencies : Invalid condition id : UX DEVICE CLASS RTOS Condition cause : null
2025-03-15 15:26:30,595 [WARN] ConditionMgr:1044 - genDependencies : Invalid condition id : UX DEVICE CLASS RTOS Condition cause : null
2025-03-15 15:26:30,595 [WARN] ConditionMgr:1044 - genDependencies : Invalid condition id : UX DEVICE CLASS RTOS Condition cause : null
2025-03-15 15:26:30,595 [WARN] ConditionMgr:1044 - genDependencies : Invalid condition id : UX DEVICE CLASS RTOS Condition cause : null
2025-03-15 15:26:30,600 [WARN] PackLoader:240 - Cannot read IP mode file for STMicroelectronics.X-CUBE-GNSS1.7.0.0
2025-03-15 15:26:30,606 [WARN] PackLoader:240 - Cannot read IP mode file for STMicroelectronics.X-CUBE-GNSS1.7.0.1
2025-03-15 15:26:30,611 [WARN] PackLoader:240 - Cannot read IP mode file for STMicroelectronics.X-CUBE-TOUCHGFX.4.25.0
2025-03-15 15:26:30,616 [WARN] PackLoader:240 - Cannot read IP mode file for STMicroelectronics.FP-SNS-STBOX1.2.0.0
2025-03-15 15:26:30,631 [WARN] PackLoader:240 - Cannot read IP mode file for STMicroelectronics.X-CUBE-SUBG2.5.0.0
2025-03-15 15:26:30,645 [WARN] PackLoader:240 - Cannot read IP mode file for Cesanta.I-CUBE-Mongoose.7.13.0
2025-03-15 15:26:30,655 [WARN] PackLoader:240 - Cannot read IP mode file for STMicroelectronics.X-CUBE-TOF1.3.3.1
2025-03-15 15:26:30,678 [WARN] PackLoader:240 - Cannot read IP mode file for STMicroelectronics.X-CUBE-AZRTOS-G4.2.0.0
2025-03-15 15:26:30,702 [WARN] PackLoader:240 - Cannot read IP mode file for Infineon.AIROC-Wi-Fi-Bluetooth-STM32.1.5.1
2025-03-15 15:26:30,709 [WARN] PackLoader:240 - Cannot read IP mode file for STMicroelectronics.FP-SNS-MOTENVWB1.1.3.1
2025-03-15 15:26:30,713 [WARN] PackLoader:240 - Cannot read IP mode file for STMicroelectronics.X-CUBE-ISPU.2.0.0
2025-03-15 15:26:30,720 [WARN] PackLoader:240 - Cannot read IP mode file for STMicroelectronics.X-CUBE-IPS.3.1.0
2025-03-15 15:26:30,730 [WARN] PackLoader:240 - Cannot read IP mode file for STMicroelectronics.X-CUBE-ALS.1.0.2
2025-03-15 15:26:30,755 [WARN] PackLoader:240 - Cannot read IP mode file for STMicroelectronics.X-CUBE-MEMS1.10.0.0
2025-03-15 15:26:30,837 [WARN] PackLoader:240 - Cannot read IP mode file for STMicroelectronics.X-CUBE-FREERTOS.1.1.0
2025-03-15 15:26:30,839 [WARN] PackLoader:240 - Cannot read IP mode file for STMicroelectronics.X-CUBE-TOUCHGFX.4.24.0
2025-03-15 15:26:30,842 [WARN] PackLoader:240 - Cannot read IP mode file for STMicroelectronics.X-CUBE-TOUCHGFX.4.24.2
2025-03-15 15:26:30,844 [WARN] PackLoader:240 - Cannot read IP mode file for STMicroelectronics.X-CUBE-TOUCHGFX.4.24.1
2025-03-15 15:26:30,848 [WARN] PackLoader:240 - Cannot read IP mode file for wolfSSL.I-CUBE-wolfTPM.3.4.0
2025-03-15 15:26:30,852 [WARN] PackLoader:240 - Cannot read IP mode file for portGmbH.I-Cube-SoM-uGOAL.1.1.0
2025-03-15 15:26:30,856 [WARN] PackLoader:240 - Cannot read IP mode file for STMicroelectronics.X-CUBE-ALS.1.0.1
2025-03-15 15:26:30,874 [WARN] PackLoader:240 - Cannot read IP mode file for STMicroelectronics.X-CUBE-AZRTOS-H7RS.1.0.0
2025-03-15 15:26:30,878 [WARN] PackLoader:240 - Cannot read IP mode file for STMicroelectronics.FP-ATR-ASTRA1.2.0.0
2025-03-15 15:26:30,883 [WARN] PackLoader:240 - Cannot read IP mode file for STMicroelectronics.X-CUBE-TOF1.3.4.2
2025-03-15 15:26:30,895 [WARN] PackLoader:240 - Cannot read IP mode file for STMicroelectronics.X-CUBE-TOF1.3.4.0
2025-03-15 15:26:30,910 [WARN] PackLoader:240 - Cannot read IP mode file for STMicroelectronics.X-CUBE-AZRTOS-H7.3.2.0
2025-03-15 15:26:30,915 [WARN] PackLoader:240 - Cannot read IP mode file for wolfSSL.I-CUBE-wolfSSH.1.4.17
2025-03-15 15:26:30,915 [INFO] ThirdParty:978 - Integrity check success = true
2025-03-15 15:26:30,915 [INFO] IntegrityCheckThread:100 - exiting critical section [integrity check]
2025-03-15 15:26:30,915 [INFO] IntegrityCheckThread:103 - End integrity checks thread
2025-03-15 15:27:05,094 [ERROR] LogOutputStream:75 - [STDERR_REDIRECT] 
