2025-03-14 12:38:59,484 [INFO] WebApp:194 - Connection lost
2025-03-14 12:38:59,954 [INFO] WebApp:191 - Connection restablished
2025-03-14 12:39:18,563 [INFO] WebApp:194 - Connection lost
2025-03-14 12:39:18,675 [INFO] WebApp:191 - Connection restablished
2025-03-14 12:47:15,567 [INFO] WebApp:194 - Connection lost
2025-03-14 12:47:15,685 [INFO] WebApp:191 - Connection restablished
2025-03-14 15:16:46,268 [INFO] MainUpdater:2872 - connection check result : 10
2025-03-14 15:16:46,268 [INFO] MainUpdater:2872 - connection check result : 10
2025-03-14 15:16:46,389 [INFO] MicroXplorer:468 - Change Database Path : 
2025-03-14 15:16:46,389 [INFO] MicroXplorer:498 - Change Database Version : DB.6.0.140
2025-03-14 15:16:46,445 [ERROR] ProjectManagerView:394 - 
java.lang.NullPointerException: Cannot invoke "javax.swing.JTextField.getText()" because the return value of "java.util.List.get(int)" is null
	at com.st.microxplorer.plugins.projectmanager.gui.ProjectChoiceTab$9.caretUpdate(ProjectChoiceTab.java:2678) ~[filemanager.jar:?]
	at javax.swing.text.JTextComponent.fireCaretUpdate(JTextComponent.java:408) ~[?:?]
	at javax.swing.text.JTextComponent$MutableCaretEvent.fire(JTextComponent.java:4484) ~[?:?]
	at javax.swing.text.JTextComponent$MutableCaretEvent.stateChanged(JTextComponent.java:4506) ~[?:?]
	at javax.swing.text.DefaultCaret.fireStateChanged(DefaultCaret.java:857) ~[?:?]
	at javax.swing.text.DefaultCaret.changeCaretPosition(DefaultCaret.java:1343) ~[?:?]
	at javax.swing.text.DefaultCaret.handleSetDot(DefaultCaret.java:1242) ~[?:?]
	at javax.swing.text.DefaultCaret.setDot(DefaultCaret.java:1223) ~[?:?]
	at javax.swing.text.DefaultCaret$Handler.insertUpdate(DefaultCaret.java:1819) ~[?:?]
	at javax.swing.text.AbstractDocument.fireInsertUpdate(AbstractDocument.java:227) ~[?:?]
	at javax.swing.text.AbstractDocument.handleInsertString(AbstractDocument.java:781) ~[?:?]
	at javax.swing.text.AbstractDocument.insertString(AbstractDocument.java:740) ~[?:?]
	at javax.swing.text.PlainDocument.insertString(PlainDocument.java:131) ~[?:?]
	at javax.swing.text.AbstractDocument.replace(AbstractDocument.java:699) ~[?:?]
	at javax.swing.text.JTextComponent.setText(JTextComponent.java:1725) ~[?:?]
	at com.st.microxplorer.plugins.projectmanager.gui.ProjectChoiceTab.createHeapStackFields(ProjectChoiceTab.java:979) ~[filemanager.jar:?]
	at com.st.microxplorer.plugins.projectmanager.gui.ProjectChoiceTab.buildLinkSettingsPanel(ProjectChoiceTab.java:3766) ~[filemanager.jar:?]
	at com.st.microxplorer.plugins.projectmanager.gui.ProjectChoiceTab.defineWindowsFields(ProjectChoiceTab.java:1962) ~[filemanager.jar:?]
	at com.st.microxplorer.plugins.projectmanager.gui.ProjectChoiceTab.updateSettings(ProjectChoiceTab.java:555) ~[filemanager.jar:?]
	at com.st.microxplorer.plugins.projectmanager.gui.ProjectSettingsPanel.UpdateDialog(ProjectSettingsPanel.java:245) ~[filemanager.jar:?]
	at com.st.microxplorer.plugins.projectmanager.ProjectManagerView.propertyChange(ProjectManagerView.java:391) ~[filemanager.jar:?]
	at java.beans.PropertyChangeSupport.fire(PropertyChangeSupport.java:343) ~[?:?]
	at java.beans.PropertyChangeSupport.firePropertyChange(PropertyChangeSupport.java:335) ~[?:?]
	at java.beans.PropertyChangeSupport.firePropertyChange(PropertyChangeSupport.java:268) ~[?:?]
	at com.st.microxplorer.util.MXPropertyChangeSupport.firePropertyChange(MXPropertyChangeSupport.java:54) ~[STM32CubeMX.jar:?]
	at com.st.microxplorer.mxsystem.MxSystem.closeConfig(MxSystem.java:899) ~[STM32CubeMX.jar:?]
	at com.st.microxplorer.maingui.MainPanel.closeConfig(MainPanel.java:789) ~[STM32CubeMX.jar:?]
	at com.st.microxplorer.plugins.filemanager.engine.OpenFileManager.loadConfigurationFile(OpenFileManager.java:287) ~[filemanager.jar:?]
	at com.st.microxplorer.plugins.filemanager.engine.MainFileManager.userLoadConfig(MainFileManager.java:341) ~[filemanager.jar:?]
	at com.st.microxplorer.plugins.filemanager.engine.MainFileManager.userLoadConfig(MainFileManager.java:319) ~[filemanager.jar:?]
	at com.st.microxplorer.plugins.filemanager.FileManagerView.getSpecificTask(FileManagerView.java:246) ~[filemanager.jar:?]
	at com.st.stm32cube.common.mx.editor.CubeMxEditor.getMxTabbedPaneInstance(CubeMxEditor.java:1198) ~[com.st.stm32cube.common.mx_6.14.0.202502271554/:?]
	at com.st.stm32cube.common.mx.editor.CubeMxEditor$12$1.createSwingComponent(CubeMxEditor.java:1068) ~[com.st.stm32cube.common.mx_6.14.0.202502271554/:?]
	at com.st.stm32cube.common.mx.oss.core.awtswtbridge.EmbeddedSwingComposite.doComponentCreation(EmbeddedSwingComposite.java:492) ~[com.st.stm32cube.common.mx.oss_6.14.0.202502271554/:?]
	at com.st.stm32cube.common.mx.oss.core.awtswtbridge.EmbeddedSwingComposite$4.run(EmbeddedSwingComposite.java:291) ~[com.st.stm32cube.common.mx.oss_6.14.0.202502271554/:?]
	at com.st.stm32cube.common.mx.oss.core.awtswtbridge.AwtEnvironment$2.run(AwtEnvironment.java:166) ~[com.st.stm32cube.common.mx.oss_6.14.0.202502271554/:?]
	at java.awt.event.InvocationEvent.dispatch(InvocationEvent.java:318) ~[?:?]
	at java.awt.EventQueue.dispatchEventImpl(EventQueue.java:773) ~[?:?]
	at java.awt.EventQueue$4.run(EventQueue.java:720) ~[?:?]
	at java.awt.EventQueue$4.run(EventQueue.java:714) ~[?:?]
	at java.security.AccessController.doPrivileged(AccessController.java:400) ~[?:?]
	at java.security.ProtectionDomain$JavaSecurityAccessImpl.doIntersectionPrivilege(ProtectionDomain.java:87) ~[?:?]
	at java.awt.EventQueue.dispatchEvent(EventQueue.java:742) ~[?:?]
	at java.awt.EventDispatchThread.pumpOneEventForFilters(EventDispatchThread.java:203) ~[?:?]
	at java.awt.EventDispatchThread.pumpEventsForFilter(EventDispatchThread.java:124) ~[?:?]
	at java.awt.EventDispatchThread.pumpEventsForHierarchy(EventDispatchThread.java:113) ~[?:?]
	at java.awt.EventDispatchThread.pumpEvents(EventDispatchThread.java:109) ~[?:?]
	at java.awt.EventDispatchThread.pumpEvents(EventDispatchThread.java:101) ~[?:?]
	at java.awt.EventDispatchThread.run(EventDispatchThread.java:90) ~[?:?]
2025-03-14 15:16:46,446 [WARN] ThirdParty:871 - waiting for thirdparty lock release [close project]
2025-03-14 15:16:46,446 [INFO] ThirdParty:873 - entering critical section [close project]
2025-03-14 15:16:46,451 [INFO] ThirdParty:883 - exiting critical section [close project]
2025-03-14 15:16:46,454 [INFO] PinOutPanel:1589 - setPackage(No Configuration,No Configuration)
2025-03-14 15:16:46,478 [WARN] IpParametersView:155 - Warning: This peripheral hasn't parameters
2025-03-14 15:16:46,578 [WARN] MainPanel:289 - <html><b><center>Warning: This peripheral has no parameters to be configured<br></b></html>
2025-03-14 15:16:46,604 [INFO] UtilMem:75 - Begin LoadConfig() Used Memory: 691384480 Bytes (1073741824)
2025-03-14 15:16:46,605 [INFO] MicroXplorer:468 - Change Database Path : 
2025-03-14 15:16:46,605 [INFO] MicroXplorer:498 - Change Database Version : DB.6.0.140
2025-03-14 15:16:46,605 [INFO] OpenFileManager:354 - Change cursor
2025-03-14 15:16:46,650 [INFO] RulesReader:64 - Compatibility file has been processed (301 Rules)
2025-03-14 15:16:46,660 [INFO] Mcu:2011 - Initializing MCU STM32H753ZITx STM32H753ZITx STM32H753ZIT6
2025-03-14 15:16:49,304 [INFO] Context:756 - Trying to add GPIOservice into a context  which must be forbidden
2025-03-14 15:16:50,734 [INFO] ApiDbMcu:508 - Load IP Config File for NUCLEO-H753ZI
2025-03-14 15:16:50,872 [INFO] ImportTextPane:218 - (OptionalMessage_ERROR) Pin18 (VP_RIF_VS_RIF1) cannot be retrieved for this MCU
2025-03-14 15:16:50,882 [INFO] ImportTextPane:218 - (OptionalMessage_ERROR) Unable to find key (Mcu.IP7) in loaded IOC file
2025-03-14 15:16:50,882 [INFO] ImportTextPane:218 - (OptionalMessage_ERROR) Unknown IP (dummy)
2025-03-14 15:16:50,991 [INFO] RtosManager:558 - Registered RTOS mode: class=CMSIS, group=RTOS, mode=CMSIS_V1, owner=FREERTOS
2025-03-14 15:16:50,991 [INFO] RtosManager:558 - Registered RTOS mode: class=CMSIS, group=RTOS2, mode=CMSIS_V2, owner=FREERTOS
2025-03-14 15:16:50,991 [INFO] RtosManager:558 - Registered RTOS mode: class=RTOS, group=Core, mode=CMSIS_V1, owner=FREERTOS
2025-03-14 15:16:50,991 [INFO] RtosManager:558 - Registered RTOS mode: class=RTOS, group=Core, mode=CMSIS_V2, owner=FREERTOS
2025-03-14 15:16:50,991 [WARN] ModelIntegratedComponent:184 - Missing modes for component STMicroelectronics:FreeRTOS:0.0.1:STMicroelectronics:RTOS:FreeRTOS:Core:::10.2.0:
2025-03-14 15:16:50,994 [WARN] ModelIntegratedComponent:63 - No mode defined for component null
2025-03-14 15:16:50,994 [WARN] ModelIntegratedComponent:63 - No mode defined for component null
2025-03-14 15:16:50,994 [WARN] ModelIntegratedComponent:63 - No mode defined for component null
2025-03-14 15:16:50,994 [WARN] ModelIntegratedComponent:63 - No mode defined for component null
2025-03-14 15:16:50,994 [WARN] ModelIntegratedComponent:63 - No mode defined for component null
2025-03-14 15:16:50,994 [WARN] ModelIntegratedComponent:63 - No mode defined for component null
2025-03-14 15:16:50,994 [WARN] ModelIntegratedComponent:63 - No mode defined for component null
2025-03-14 15:16:50,994 [WARN] ModelIntegratedComponent:63 - No mode defined for component null
2025-03-14 15:16:50,994 [WARN] ModelIntegratedComponent:63 - No mode defined for component null
2025-03-14 15:16:50,994 [WARN] ModelIntegratedComponent:63 - No mode defined for component null
2025-03-14 15:16:50,994 [WARN] ModelIntegratedComponent:63 - No mode defined for component null
2025-03-14 15:16:50,995 [WARN] ModelIntegratedComponent:63 - No mode defined for component null
2025-03-14 15:16:50,995 [WARN] ModelIntegratedComponent:63 - No mode defined for component null
2025-03-14 15:16:50,995 [WARN] ModelIntegratedComponent:63 - No mode defined for component null
2025-03-14 15:16:50,995 [WARN] ModelIntegratedComponent:63 - No mode defined for component null
2025-03-14 15:16:50,995 [WARN] ModelIntegratedComponent:63 - No mode defined for component null
2025-03-14 15:16:50,995 [WARN] ModelIntegratedComponent:63 - No mode defined for component null
2025-03-14 15:16:50,995 [WARN] ModelIntegratedComponent:63 - No mode defined for component null
2025-03-14 15:16:50,995 [WARN] ModelIntegratedComponent:63 - No mode defined for component null
2025-03-14 15:16:50,995 [WARN] ModelIntegratedComponent:63 - No mode defined for component null
2025-03-14 15:16:50,995 [WARN] ModelIntegratedComponent:63 - No mode defined for component null
2025-03-14 15:16:50,995 [WARN] ModelIntegratedComponent:63 - No mode defined for component null
2025-03-14 15:16:50,995 [WARN] ModelIntegratedComponent:63 - No mode defined for component null
2025-03-14 15:16:50,995 [WARN] ModelIntegratedComponent:63 - No mode defined for component null
2025-03-14 15:16:50,995 [WARN] ModelIntegratedComponent:63 - No mode defined for component null
2025-03-14 15:16:50,995 [WARN] ModelIntegratedComponent:63 - No mode defined for component null
2025-03-14 15:16:50,995 [WARN] ModelIntegratedComponent:63 - No mode defined for component null
2025-03-14 15:16:50,995 [WARN] ModelIntegratedComponent:63 - No mode defined for component null
2025-03-14 15:16:50,995 [WARN] ModelIntegratedComponent:63 - No mode defined for component null
2025-03-14 15:16:50,995 [WARN] ModelIntegratedComponent:63 - No mode defined for component null
2025-03-14 15:16:50,996 [WARN] ModelIntegratedComponent:63 - No mode defined for component null
2025-03-14 15:16:50,996 [WARN] ModelIntegratedComponent:63 - No mode defined for component null
2025-03-14 15:16:50,996 [WARN] ModelIntegratedComponent:63 - No mode defined for component null
2025-03-14 15:16:50,996 [WARN] ModelIntegratedComponent:63 - No mode defined for component null
2025-03-14 15:16:50,996 [WARN] ModelIntegratedComponent:63 - No mode defined for component null
2025-03-14 15:16:50,996 [WARN] ModelPack:524 - Component already loaded: STMicroelectronics:HAL Drivers:0.0.0:STMicroelectronics:Device:STMicro_Driver:XSPI:HAL::0.0.1:HAL_XSPI
2025-03-14 15:16:51,079 [INFO] ThirdPartyModel:298 - Start build external matchings
2025-03-14 15:16:51,958 [INFO] ThirdPartyModel:316 - End build external matchings
2025-03-14 15:16:52,551 [INFO] UtilMem:75 - End LoadConfig() Used Memory: 828941440 Bytes (1073741824)
2025-03-14 15:16:52,612 [WARN] ThirdParty:833 - waiting for thirdparty lock release [change project]
2025-03-14 15:16:52,612 [INFO] ThirdParty:835 - entering critical section [change project]
2025-03-14 15:16:52,612 [INFO] ThirdParty:1030 - CMSIS Pack Vendor :STMicroelectronics USBPD 4.1
2025-03-14 15:16:52,612 [INFO] ThirdParty:1030 - CMSIS Pack Vendor :STMicroelectronics USB_HOST 2.0.0
2025-03-14 15:16:52,613 [INFO] ThirdParty:1030 - CMSIS Pack Vendor :STMicroelectronics FP-SNS-MOTENVWB1 1.4.0
2025-03-14 15:16:52,613 [INFO] ThirdParty:1030 - CMSIS Pack Vendor :STMicroelectronics X-CUBE-AZRTOS-F4 1.1.0
2025-03-14 15:16:52,613 [INFO] ThirdParty:1030 - CMSIS Pack Vendor :STMicroelectronics LIBJPEG 8.0.0
2025-03-14 15:16:52,613 [INFO] ThirdParty:1030 - CMSIS Pack Vendor :STMicroelectronics FP-ATR-ASTRA1 2.0.2
2025-03-14 15:16:52,613 [INFO] ThirdParty:1030 - CMSIS Pack Vendor :STMicroelectronics FP-ATR-ASTRA1 2.0.1
2025-03-14 15:16:52,613 [INFO] ThirdParty:1030 - CMSIS Pack Vendor :STMicroelectronics X-CUBE-SMBUS 2.1.0
2025-03-14 15:16:52,613 [INFO] ThirdParty:1030 - CMSIS Pack Vendor :STMicroelectronics X-CUBE-WB05N 1.1.0
2025-03-14 15:16:52,613 [INFO] ThirdParty:1030 - CMSIS Pack Vendor :STMicroelectronics X-CUBE-ISPU 2.1.0
2025-03-14 15:16:52,613 [INFO] ThirdParty:1030 - CMSIS Pack Vendor :STMicroelectronics X-CUBE-FREERTOS 1.2.0
2025-03-14 15:16:52,613 [INFO] ThirdParty:1030 - CMSIS Pack Vendor :STMicroelectronics X-CUBE-AZRTOS-F7 1.1.0
2025-03-14 15:16:52,613 [INFO] ThirdParty:1030 - CMSIS Pack Vendor :STMicroelectronics X-CUBE-AZRTOS-L5 2.0.0
2025-03-14 15:16:52,613 [INFO] ThirdParty:1030 - CMSIS Pack Vendor :STMicroelectronics USB_DEVICE 2.0.0
2025-03-14 15:16:52,614 [INFO] ThirdParty:1030 - CMSIS Pack Vendor :STMicroelectronics X-CUBE-NFC6 3.1.0
2025-03-14 15:16:52,614 [INFO] ThirdParty:1030 - CMSIS Pack Vendor :STMicroelectronics X-CUBE-MEMS1 11.0.0
2025-03-14 15:16:52,614 [INFO] ThirdParty:1030 - CMSIS Pack Vendor :STMicroelectronics FreeRTOS 0.0.1
2025-03-14 15:16:52,614 [INFO] ThirdParty:1030 - CMSIS Pack Vendor :STMicroelectronics X-CUBE-DPower 1.2.0
2025-03-14 15:16:52,614 [INFO] ThirdParty:1030 - CMSIS Pack Vendor :STMicroelectronics FP-SNS-FLIGHT1 5.0.2
2025-03-14 15:16:52,614 [INFO] ThirdParty:1030 - CMSIS Pack Vendor :Infineon AIROC-Wi-Fi-Bluetooth-STM32 1.7.0
2025-03-14 15:16:52,614 [INFO] ThirdParty:1030 - CMSIS Pack Vendor :STMicroelectronics X-CUBE-AI 9.0.0
2025-03-14 15:16:52,614 [INFO] ThirdParty:1030 - CMSIS Pack Vendor :STMicroelectronics PDM2PCM 3.3.0
2025-03-14 15:16:52,615 [INFO] ThirdParty:1030 - CMSIS Pack Vendor :STMicroelectronics X-CUBE-DISPLAY 3.0.0
2025-03-14 15:16:52,615 [INFO] ThirdParty:1030 - CMSIS Pack Vendor :STMicroelectronics X-CUBE-BLE1 7.0.0
2025-03-14 15:16:52,615 [INFO] ThirdParty:1030 - CMSIS Pack Vendor :STMicroelectronics X-CUBE-NFC10 1.0.0
2025-03-14 15:16:52,615 [INFO] ThirdParty:1030 - CMSIS Pack Vendor :STMicroelectronics X-CUBE-BLEMGR 4.0.0
2025-03-14 15:16:52,615 [INFO] ThirdParty:1030 - CMSIS Pack Vendor :STMicroelectronics HAL Drivers 0.0.0
2025-03-14 15:16:52,616 [INFO] ThirdParty:1030 - CMSIS Pack Vendor :emotas I-CUBE-CANOPEN 1.3.0
2025-03-14 15:16:52,616 [INFO] ThirdParty:1030 - CMSIS Pack Vendor :STMicroelectronics X-CUBE-FREERTOS 1.3.0
2025-03-14 15:16:52,616 [INFO] ThirdParty:1030 - CMSIS Pack Vendor :STMicroelectronics X-CUBE-NFC7 1.0.1
2025-03-14 15:16:52,616 [INFO] ThirdParty:1030 - CMSIS Pack Vendor :STMicroelectronics MBEDTLS 2.14.1
2025-03-14 15:16:52,616 [INFO] ThirdParty:1030 - CMSIS Pack Vendor :STMicroelectronics X-CUBE-BLEMGR 3.1.0
2025-03-14 15:16:52,616 [INFO] ThirdParty:1030 - CMSIS Pack Vendor :STMicroelectronics X-CUBE-AI 10.0.0
2025-03-14 15:16:52,616 [INFO] ThirdParty:1030 - CMSIS Pack Vendor :quantropi X-CUBE-qispace-sdk-base 2.0.0
2025-03-14 15:16:52,616 [INFO] ThirdParty:1030 - CMSIS Pack Vendor :STMicroelectronics FP-SNS-SMARTAG2 1.2.0
2025-03-14 15:16:52,616 [INFO] ThirdParty:1030 - CMSIS Pack Vendor :STMicroelectronics FP-SNS-FLIGHT1 5.1.0
2025-03-14 15:16:52,616 [INFO] ThirdParty:1030 - CMSIS Pack Vendor :STMicroelectronics X-CUBE-MEMS1 11.1.0
2025-03-14 15:16:52,616 [INFO] ThirdParty:1030 - CMSIS Pack Vendor :STMicroelectronics X-CUBE-AZRTOS-WL 2.0.0
2025-03-14 15:16:52,617 [INFO] ThirdParty:1030 - CMSIS Pack Vendor :STMicroelectronics FP-SNS-MOTENV1 5.0.0
2025-03-14 15:16:52,617 [INFO] ThirdParty:1030 - CMSIS Pack Vendor :STMicroelectronics USB_DEVICE 1.0.0
2025-03-14 15:16:52,617 [INFO] ThirdParty:1030 - CMSIS Pack Vendor :wolfSSL I-CUBE-wolfMQTT 1.19.0
2025-03-14 15:16:52,617 [INFO] ThirdParty:1030 - CMSIS Pack Vendor :STMicroelectronics X-CUBE-AZRTOS-L4 2.0.0
2025-03-14 15:16:52,617 [INFO] ThirdParty:1030 - CMSIS Pack Vendor :STMicroelectronics ThreadX 0.0.2
2025-03-14 15:16:52,617 [INFO] ThirdParty:1030 - CMSIS Pack Vendor :WES I-CUBE-Cesium 1.3.0
2025-03-14 15:16:52,617 [INFO] ThirdParty:1030 - CMSIS Pack Vendor :STMicroelectronics lwIP 2.1.2
2025-03-14 15:16:52,617 [INFO] ThirdParty:1030 - CMSIS Pack Vendor :STMicroelectronics X-CUBE-SFXS2LP1 4.0.0
2025-03-14 15:16:52,617 [INFO] ThirdParty:1030 - CMSIS Pack Vendor :STMicroelectronics X-CUBE-BLE2 3.3.0
2025-03-14 15:16:52,617 [INFO] ThirdParty:1030 - CMSIS Pack Vendor :STMicroelectronics PDM2PCM 3.2.0
2025-03-14 15:16:52,617 [INFO] ThirdParty:1030 - CMSIS Pack Vendor :STMicroelectronics X-CUBE-AZRTOS-H7 3.3.0
2025-03-14 15:16:52,617 [INFO] ThirdParty:1030 - CMSIS Pack Vendor :STMicroelectronics X-CUBE-NFC9 1.0.0
2025-03-14 15:16:52,617 [INFO] ThirdParty:1030 - CMSIS Pack Vendor :STMicroelectronics X-CUBE-BLE1 7.1.0
2025-03-14 15:16:52,618 [INFO] ThirdParty:1030 - CMSIS Pack Vendor :wolfSSL I-CUBE-wolfMQTT 1.19.2
2025-03-14 15:16:52,618 [INFO] ThirdParty:1030 - CMSIS Pack Vendor :STMicroelectronics USB_DEVICE 3.0.0
2025-03-14 15:16:52,618 [INFO] ThirdParty:1030 - CMSIS Pack Vendor :STMicroelectronics X-CUBE-TCPP 4.1.0
2025-03-14 15:16:52,618 [INFO] ThirdParty:1030 - CMSIS Pack Vendor :STMicroelectronics X-CUBE-IPS 3.0.0
2025-03-14 15:16:52,618 [INFO] ThirdParty:1030 - CMSIS Pack Vendor :STMicroelectronics X-CUBE-AZRTOS-WB 2.0.0
2025-03-14 15:16:52,618 [INFO] ThirdParty:1030 - CMSIS Pack Vendor :STMicroelectronics X-CUBE-GNSS1 7.0.0
2025-03-14 15:16:52,618 [INFO] ThirdParty:1030 - CMSIS Pack Vendor :STMicroelectronics X-CUBE-GNSS1 7.0.1
2025-03-14 15:16:52,618 [INFO] ThirdParty:1030 - CMSIS Pack Vendor :STMicroelectronics X-CUBE-TOUCHGFX 4.25.0
2025-03-14 15:16:52,618 [INFO] ThirdParty:1030 - CMSIS Pack Vendor :STMicroelectronics FP-SNS-STBOX1 2.0.0
2025-03-14 15:16:52,618 [INFO] ThirdParty:1030 - CMSIS Pack Vendor :STMicroelectronics X-CUBE-AZRTOS-G0 1.1.0
2025-03-14 15:16:52,618 [INFO] ThirdParty:1030 - CMSIS Pack Vendor :STMicroelectronics X-CUBE-SAFEA1 1.2.2
2025-03-14 15:16:52,618 [INFO] ThirdParty:1030 - CMSIS Pack Vendor :STMicroelectronics X-CUBE-NFC4 3.0.0
2025-03-14 15:16:52,618 [INFO] ThirdParty:1030 - CMSIS Pack Vendor :STMicroelectronics X-CUBE-SUBG2 5.0.0
2025-03-14 15:16:52,618 [INFO] ThirdParty:1030 - CMSIS Pack Vendor :STMicroelectronics STM32_WPAN 1.0.0
2025-03-14 15:16:52,618 [INFO] ThirdParty:1030 - CMSIS Pack Vendor :EmbeddedOffice I-CUBE-FS-RTOS 1.0.1
2025-03-14 15:16:52,618 [INFO] ThirdParty:1030 - CMSIS Pack Vendor :STMicroelectronics lwIP 2.0.3
2025-03-14 15:16:52,618 [INFO] ThirdParty:1030 - CMSIS Pack Vendor :Cesanta I-CUBE-Mongoose 7.13.0
2025-03-14 15:16:52,618 [INFO] ThirdParty:1030 - CMSIS Pack Vendor :STMicroelectronics USB_HOST 1.0.0
2025-03-14 15:16:52,618 [INFO] ThirdParty:1030 - CMSIS Pack Vendor :STMicroelectronics X-CUBE-AZRTOS-G4 2.0.0
2025-03-14 15:16:52,618 [INFO] ThirdParty:1030 - CMSIS Pack Vendor :STMicroelectronics PDM2PCM 3.1.0
2025-03-14 15:16:52,618 [INFO] ThirdParty:1030 - CMSIS Pack Vendor :wolfSSL I-CUBE-wolfTPM 3.8.0
2025-03-14 15:16:52,618 [INFO] ThirdParty:1030 - CMSIS Pack Vendor :wolfSSL I-CUBE-wolfSSH 1.4.20
2025-03-14 15:16:52,618 [INFO] ThirdParty:1030 - CMSIS Pack Vendor :STMicroelectronics X-CUBE-TCPP 4.2.0
2025-03-14 15:16:52,619 [INFO] ThirdParty:1030 - CMSIS Pack Vendor :RealThread X-CUBE-RT-Thread_Nano 4.1.1
2025-03-14 15:16:52,619 [INFO] ThirdParty:1030 - CMSIS Pack Vendor :STMicroelectronics FP-ATR-SIGFOX1 3.2.0
2025-03-14 15:16:52,619 [INFO] ThirdParty:1030 - CMSIS Pack Vendor :wolfSSL I-CUBE-wolfSSL 5.7.2
2025-03-14 15:16:52,619 [INFO] ThirdParty:1030 - CMSIS Pack Vendor :quantropi X-CUBE-qispace-sdk-base 1.9.3
2025-03-14 15:16:52,619 [INFO] ThirdParty:1030 - CMSIS Pack Vendor :STMicroelectronics X-CUBE-EEPRMA1 5.1.0
2025-03-14 15:16:52,619 [INFO] ThirdParty:1030 - CMSIS Pack Vendor :STMicroelectronics MBEDTLS 2.16.2
2025-03-14 15:16:52,619 [INFO] ThirdParty:1030 - CMSIS Pack Vendor :STMicroelectronics X-CUBE-IPS 3.1.0
2025-03-14 15:16:52,619 [INFO] ThirdParty:1030 - CMSIS Pack Vendor :STMicroelectronics X-CUBE-ALS 1.0.2
2025-03-14 15:16:52,619 [INFO] ThirdParty:1030 - CMSIS Pack Vendor :wolfSSL I-CUBE-wolfSSL 5.7.6
2025-03-14 15:16:52,619 [INFO] ThirdParty:1030 - CMSIS Pack Vendor :ITTIA_DB I-CUBE-ITTIADB 8.9.0
2025-03-14 15:16:52,619 [INFO] ThirdParty:1030 - CMSIS Pack Vendor :STMicroelectronics X-CUBE-TOUCHGFX 4.24.2
2025-03-14 15:16:52,619 [INFO] ThirdParty:1030 - CMSIS Pack Vendor :STMicroelectronics X-CUBE-TOUCHGFX 4.24.1
2025-03-14 15:16:52,619 [INFO] ThirdParty:1030 - CMSIS Pack Vendor :wolfSSL I-CUBE-wolfTPM 3.4.0
2025-03-14 15:16:52,619 [INFO] ThirdParty:1030 - CMSIS Pack Vendor :portGmbH I-Cube-SoM-uGOAL 1.1.0
2025-03-14 15:16:52,619 [INFO] ThirdParty:1030 - CMSIS Pack Vendor :STMicroelectronics ThreadX 1.0.0
2025-03-14 15:16:52,619 [INFO] ThirdParty:1030 - CMSIS Pack Vendor :SEGGER I-CUBE-embOS 1.3.1
2025-03-14 15:16:52,619 [INFO] ThirdParty:1030 - CMSIS Pack Vendor :STMicroelectronics X-CUBE-ALGOBUILD 1.4.0
2025-03-14 15:16:52,619 [INFO] ThirdParty:1030 - CMSIS Pack Vendor :STMicroelectronics X-CUBE-AZRTOS-H7RS 1.0.0
2025-03-14 15:16:52,619 [INFO] ThirdParty:1030 - CMSIS Pack Vendor :STMicroelectronics FP-ATR-ASTRA1 2.0.0
2025-03-14 15:16:52,619 [INFO] ThirdParty:1030 - CMSIS Pack Vendor :STMicroelectronics X-CUBE-TOF1 3.4.2
2025-03-14 15:16:52,619 [INFO] ThirdParty:1030 - CMSIS Pack Vendor :STMicroelectronics X-CUBE-AI 9.1.0
2025-03-14 15:16:52,619 [INFO] ThirdParty:1030 - CMSIS Pack Vendor :Infineon AIROC-Wi-Fi-Bluetooth-STM32 1.6.1
2025-03-14 15:16:52,619 [INFO] ThirdParty:1030 - CMSIS Pack Vendor :wolfSSL I-CUBE-wolfSSH 1.4.17
2025-03-14 15:16:52,620 [INFO] ThirdParty:841 - exiting critical section [change project]
2025-03-14 15:16:53,137 [INFO] PinOutPanel:1589 - setPackage(No Configuration,No Configuration)
2025-03-14 15:16:53,138 [INFO] PinOutPanel:1589 - setPackage(STM32H753ZITx,LQFP144)
2025-03-14 15:16:53,600 [INFO] UtilMem:75 - Before build in PCC Used Memory: 636084880 Bytes (1073741824)
2025-03-14 15:16:53,879 [INFO] UtilMem:75 - After build in PCC Used Memory: 697950864 Bytes (1073741824)
2025-03-14 15:16:53,909 [INFO] IPUIPlugin:80 - create IPUIPlugin
2025-03-14 15:16:53,909 [INFO] IPUIPlugin:80 - create IPUIPlugin
2025-03-14 15:16:53,909 [INFO] IPUIPlugin:80 - create IPUIPlugin
2025-03-14 15:16:53,909 [INFO] IPUIPlugin:80 - create IPUIPlugin
2025-03-14 15:16:53,910 [INFO] IPUIPlugin:80 - create IPUIPlugin
2025-03-14 15:16:53,910 [INFO] IPUIPlugin:80 - create IPUIPlugin
2025-03-14 15:16:53,910 [INFO] IPUIPlugin:80 - create IPUIPlugin
2025-03-14 15:16:53,910 [INFO] IPUIPlugin:80 - create IPUIPlugin
2025-03-14 15:16:53,910 [INFO] IPUIPlugin:80 - create IPUIPlugin
2025-03-14 15:16:53,910 [INFO] IPUIPlugin:80 - create IPUIPlugin
2025-03-14 15:16:53,910 [INFO] IPUIPlugin:80 - create IPUIPlugin
2025-03-14 15:16:53,910 [INFO] IPUIPlugin:80 - create IPUIPlugin
2025-03-14 15:16:53,910 [INFO] IPUIPlugin:80 - create IPUIPlugin
2025-03-14 15:16:53,911 [INFO] IPUIPlugin:80 - create IPUIPlugin
2025-03-14 15:16:53,911 [INFO] IPUIPlugin:80 - create IPUIPlugin
2025-03-14 15:16:53,911 [INFO] IPUIPlugin:80 - create IPUIPlugin
2025-03-14 15:16:53,911 [INFO] IPUIPlugin:80 - create IPUIPlugin
2025-03-14 15:16:53,911 [INFO] IPUIPlugin:80 - create IPUIPlugin
2025-03-14 15:16:53,911 [INFO] IPUIPlugin:80 - create IPUIPlugin
2025-03-14 15:16:53,911 [INFO] IPUIPlugin:80 - create IPUIPlugin
2025-03-14 15:16:53,911 [INFO] IPUIPlugin:80 - create IPUIPlugin
2025-03-14 15:16:53,911 [INFO] IPUIPlugin:80 - create IPUIPlugin
2025-03-14 15:16:53,912 [INFO] IPUIPlugin:80 - create IPUIPlugin
2025-03-14 15:16:53,912 [INFO] IPUIPlugin:80 - create IPUIPlugin
2025-03-14 15:16:53,912 [INFO] IPUIPlugin:80 - create IPUIPlugin
2025-03-14 15:16:53,912 [INFO] IPUIPlugin:80 - create IPUIPlugin
2025-03-14 15:16:53,912 [INFO] IPUIPlugin:80 - create IPUIPlugin
2025-03-14 15:16:53,912 [INFO] IPUIPlugin:80 - create IPUIPlugin
2025-03-14 15:16:53,912 [INFO] IPUIPlugin:80 - create IPUIPlugin
2025-03-14 15:16:53,913 [INFO] IPUIPlugin:80 - create IPUIPlugin
2025-03-14 15:16:53,913 [INFO] IPUIPlugin:80 - create IPUIPlugin
2025-03-14 15:16:53,913 [INFO] IPUIPlugin:80 - create IPUIPlugin
2025-03-14 15:16:53,913 [INFO] IPUIPlugin:80 - create IPUIPlugin
2025-03-14 15:16:53,913 [INFO] IPUIPlugin:80 - create IPUIPlugin
2025-03-14 15:16:53,913 [INFO] IPUIPlugin:80 - create IPUIPlugin
2025-03-14 15:16:53,914 [INFO] IPUIPlugin:80 - create IPUIPlugin
2025-03-14 15:16:53,914 [INFO] IPUIPlugin:80 - create IPUIPlugin
2025-03-14 15:16:53,914 [INFO] IPUIPlugin:80 - create IPUIPlugin
2025-03-14 15:16:53,914 [INFO] IPUIPlugin:80 - create IPUIPlugin
2025-03-14 15:16:53,914 [INFO] IPUIPlugin:80 - create IPUIPlugin
2025-03-14 15:16:53,914 [INFO] IPUIPlugin:80 - create IPUIPlugin
2025-03-14 15:16:53,914 [INFO] IPUIPlugin:80 - create IPUIPlugin
2025-03-14 15:16:53,914 [INFO] IPUIPlugin:80 - create IPUIPlugin
2025-03-14 15:16:53,914 [INFO] IPUIPlugin:80 - create IPUIPlugin
2025-03-14 15:16:53,914 [INFO] IPUIPlugin:80 - create IPUIPlugin
2025-03-14 15:16:53,914 [INFO] IPUIPlugin:80 - create IPUIPlugin
2025-03-14 15:16:53,914 [INFO] IPUIPlugin:80 - create IPUIPlugin
2025-03-14 15:16:53,915 [INFO] IPUIPlugin:80 - create IPUIPlugin
2025-03-14 15:16:53,915 [INFO] IPUIPlugin:80 - create IPUIPlugin
2025-03-14 15:16:53,915 [INFO] IPUIPlugin:80 - create IPUIPlugin
2025-03-14 15:16:53,915 [INFO] IPUIPlugin:80 - create IPUIPlugin
2025-03-14 15:16:53,915 [INFO] IPUIPlugin:80 - create IPUIPlugin
2025-03-14 15:16:53,916 [INFO] IPUIPlugin:80 - create IPUIPlugin
2025-03-14 15:16:53,916 [INFO] IPUIPlugin:80 - create IPUIPlugin
2025-03-14 15:16:53,916 [INFO] IPUIPlugin:80 - create IPUIPlugin
2025-03-14 15:16:53,916 [INFO] IPUIPlugin:80 - create IPUIPlugin
2025-03-14 15:16:53,916 [INFO] IPUIPlugin:80 - create IPUIPlugin
2025-03-14 15:16:53,917 [INFO] IPUIPlugin:80 - create IPUIPlugin
2025-03-14 15:16:53,917 [INFO] IPUIPlugin:80 - create IPUIPlugin
2025-03-14 15:16:53,917 [INFO] IPUIPlugin:80 - create IPUIPlugin
2025-03-14 15:16:53,917 [INFO] IPUIPlugin:80 - create IPUIPlugin
2025-03-14 15:16:53,917 [INFO] IPUIPlugin:80 - create IPUIPlugin
2025-03-14 15:16:53,918 [INFO] IPUIPlugin:80 - create IPUIPlugin
2025-03-14 15:16:53,918 [INFO] IPUIPlugin:80 - create IPUIPlugin
2025-03-14 15:16:53,918 [INFO] IPUIPlugin:80 - create IPUIPlugin
2025-03-14 15:16:53,919 [INFO] IPUIPlugin:80 - create IPUIPlugin
2025-03-14 15:16:53,919 [INFO] IPUIPlugin:80 - create IPUIPlugin
2025-03-14 15:16:53,920 [INFO] IPUIPlugin:80 - create IPUIPlugin
2025-03-14 15:16:53,920 [INFO] IPUIPlugin:80 - create IPUIPlugin
2025-03-14 15:16:53,920 [INFO] IPUIPlugin:80 - create IPUIPlugin
2025-03-14 15:16:53,920 [INFO] IPUIPlugin:80 - create IPUIPlugin
2025-03-14 15:16:53,921 [INFO] IPUIPlugin:80 - create IPUIPlugin
2025-03-14 15:16:53,921 [INFO] IPUIPlugin:80 - create IPUIPlugin
2025-03-14 15:16:53,921 [INFO] IPUIPlugin:80 - create IPUIPlugin
2025-03-14 15:16:53,921 [INFO] IPUIPlugin:80 - create IPUIPlugin
2025-03-14 15:16:53,922 [INFO] IPUIPlugin:80 - create IPUIPlugin
2025-03-14 15:16:53,922 [INFO] IPUIPlugin:80 - create IPUIPlugin
2025-03-14 15:16:53,922 [INFO] IPUIPlugin:80 - create IPUIPlugin
2025-03-14 15:16:53,923 [INFO] IPUIPlugin:80 - create IPUIPlugin
2025-03-14 15:16:53,923 [INFO] IPUIPlugin:80 - create IPUIPlugin
2025-03-14 15:16:53,923 [INFO] IPUIPlugin:80 - create IPUIPlugin
2025-03-14 15:16:53,923 [INFO] IPUIPlugin:80 - create IPUIPlugin
2025-03-14 15:16:53,924 [INFO] IPUIPlugin:80 - create IPUIPlugin
2025-03-14 15:16:53,924 [INFO] IPUIPlugin:80 - create IPUIPlugin
2025-03-14 15:16:53,924 [INFO] IPUIPlugin:80 - create IPUIPlugin
2025-03-14 15:16:53,925 [INFO] IPUIPlugin:80 - create IPUIPlugin
2025-03-14 15:16:53,925 [INFO] IPUIPlugin:80 - create IPUIPlugin
2025-03-14 15:16:53,925 [INFO] IPUIPlugin:80 - create IPUIPlugin
2025-03-14 15:16:53,926 [INFO] IPUIPlugin:80 - create IPUIPlugin
2025-03-14 15:16:53,926 [INFO] IPUIPlugin:80 - create IPUIPlugin
2025-03-14 15:16:53,926 [INFO] IPUIPlugin:80 - create IPUIPlugin
2025-03-14 15:16:53,927 [INFO] IPUIPlugin:80 - create IPUIPlugin
2025-03-14 15:16:53,927 [INFO] IPUIPlugin:80 - create IPUIPlugin
2025-03-14 15:16:53,928 [INFO] IPUIPlugin:80 - create IPUIPlugin
2025-03-14 15:16:53,928 [INFO] IPUIPlugin:80 - create IPUIPlugin
2025-03-14 15:16:53,928 [INFO] IPUIPlugin:80 - create IPUIPlugin
2025-03-14 15:16:53,929 [INFO] IPUIPlugin:80 - create IPUIPlugin
2025-03-14 15:16:53,929 [INFO] IPUIPlugin:80 - create IPUIPlugin
2025-03-14 15:16:53,929 [INFO] IPUIPlugin:80 - create IPUIPlugin
2025-03-14 15:16:53,930 [INFO] IPUIPlugin:80 - create IPUIPlugin
2025-03-14 15:16:53,930 [INFO] IPUIPlugin:80 - create IPUIPlugin
2025-03-14 15:16:53,934 [INFO] ApiDbMcu:508 - Load IP Config File for PDM2PCM
2025-03-14 15:16:54,010 [INFO] CADModel:165 - CPN selected for project levelSTM32H753ZIT6
2025-03-14 15:16:54,010 [INFO] CADModel:114 - Register for checkConnection events
2025-03-14 15:16:54,077 [INFO] OpenFileManager:385 - Restore cursor
2025-03-14 15:17:08,880 [INFO] NvicIntPanel:101 - NVIC parent = com.st.microxplorer.plugins.ip.nvic.MultiNvicIntPanel[,0,0,0x0,invalid,layout=javax.swing.BoxLayout,alignmentX=0.0,alignmentY=0.0,border=,flags=9,maximumSize=,minimumSize=,preferredSize=]
2025-03-14 15:17:09,013 [INFO] NvicIntPanel:101 - NVIC parent = com.st.microxplorer.plugins.ip.nvic.MultiNvicIntPanel[,0,0,0x0,invalid,layout=javax.swing.BoxLayout,alignmentX=0.0,alignmentY=0.0,border=,flags=9,maximumSize=,minimumSize=,preferredSize=]
2025-03-14 15:17:12,455 [INFO] UtilMem:75 - End SaveConfig() Used Memory: 893080088 Bytes (1073741824)
2025-03-14 15:17:13,104 [INFO] UtilMem:75 - End SaveConfig() Used Memory: 941836824 Bytes (1073741824)
2025-03-14 15:17:16,940 [INFO] UtilMem:75 - End SaveConfig() Used Memory: 659327992 Bytes (1073741824)
2025-03-14 15:17:17,165 [INFO] BlockDiagram:2775 - set Specific Code input for plugin: SPI
2025-03-14 15:17:17,165 [INFO] BlockDiagram:2775 - set Specific Code input for plugin: RCC
2025-03-14 15:17:17,165 [INFO] BlockDiagram:2775 - set Specific Code input for plugin: NUCLEO-H753ZI
2025-03-14 15:17:17,165 [INFO] BlockDiagram:2775 - set Specific Code input for plugin: MEMORYMAP
2025-03-14 15:17:17,165 [INFO] BlockDiagram:2775 - set Specific Code input for plugin: SYS
2025-03-14 15:17:17,165 [INFO] BlockDiagram:2775 - set Specific Code input for plugin: NVIC
2025-03-14 15:17:17,166 [INFO] BlockDiagram:2775 - set Specific Code input for plugin: GPIO
2025-03-14 15:17:17,166 [INFO] CodeGenerator:882 - code generatio: config db path: C:\ST\STM32CubeIDE_1.16.1\STM32CubeIDE\plugins\com.st.stm32cube.common.mx_6.14.0.202502271554\\db\
2025-03-14 15:17:17,331 [INFO] CodeEngine:263 - oldGeneratedFile, C:\Users\Thomas\Documents\ELEBAC\Winbond_Flash\MXTmpFiles\license.tmp_save
2025-03-14 15:17:17,497 [INFO] CodeEngine:287 - Generated code: C:\Users\Thomas\Documents\ELEBAC\Winbond_Flash\MXTmpFiles\license.tmp
2025-03-14 15:17:17,538 [INFO] CodeEngine:263 - oldGeneratedFile, C:\Users\Thomas\Documents\ELEBAC\Winbond_Flash\MXTmpFiles\gpio.tmp_save
2025-03-14 15:17:17,612 [INFO] CodeEngine:287 - Generated code: C:\Users\Thomas\Documents\ELEBAC\Winbond_Flash\MXTmpFiles\gpio.tmp
2025-03-14 15:17:17,638 [WARN] IPConfigManager:103 - WARNING: Missing Config File for MEMORYMAP ip!!
2025-03-14 15:17:17,763 [INFO] CodeEngine:263 - oldGeneratedFile, C:\Users\Thomas\Documents\ELEBAC\Winbond_Flash\MXTmpFiles\cortex.tmp_save
2025-03-14 15:17:17,825 [INFO] CodeEngine:287 - Generated code: C:\Users\Thomas\Documents\ELEBAC\Winbond_Flash\MXTmpFiles\cortex.tmp
2025-03-14 15:17:17,843 [INFO] CodeEngine:263 - oldGeneratedFile, C:\Users\Thomas\Documents\ELEBAC\Winbond_Flash\Core\Inc\stm32h7xx_nucleo_conf.h_save
2025-03-14 15:17:17,895 [INFO] CodeEngine:287 - Generated code: C:\Users\Thomas\Documents\ELEBAC\Winbond_Flash\Core\Inc\stm32h7xx_nucleo_conf.h
2025-03-14 15:17:17,899 [INFO] CodeEngine:263 - oldGeneratedFile, C:\Users\Thomas\Documents\ELEBAC\Winbond_Flash\MXTmpFiles\bsp_inc.tmp_save
2025-03-14 15:17:17,947 [INFO] CodeEngine:287 - Generated code: C:\Users\Thomas\Documents\ELEBAC\Winbond_Flash\MXTmpFiles\bsp_inc.tmp
2025-03-14 15:17:17,950 [INFO] CodeEngine:263 - oldGeneratedFile, C:\Users\Thomas\Documents\ELEBAC\Winbond_Flash\MXTmpFiles\bsp_common_vars.tmp_save
2025-03-14 15:17:17,999 [INFO] CodeEngine:287 - Generated code: C:\Users\Thomas\Documents\ELEBAC\Winbond_Flash\MXTmpFiles\bsp_common_vars.tmp
2025-03-14 15:17:18,002 [INFO] CodeEngine:263 - oldGeneratedFile, C:\Users\Thomas\Documents\ELEBAC\Winbond_Flash\MXTmpFiles\bsp_common_init.tmp_save
2025-03-14 15:17:18,049 [INFO] CodeEngine:287 - Generated code: C:\Users\Thomas\Documents\ELEBAC\Winbond_Flash\MXTmpFiles\bsp_common_init.tmp
2025-03-14 15:17:18,053 [INFO] CodeEngine:263 - oldGeneratedFile, C:\Users\Thomas\Documents\ELEBAC\Winbond_Flash\MXTmpFiles\bsp_common_demo_before_while.tmp_save
2025-03-14 15:17:18,100 [INFO] CodeEngine:287 - Generated code: C:\Users\Thomas\Documents\ELEBAC\Winbond_Flash\MXTmpFiles\bsp_common_demo_before_while.tmp
2025-03-14 15:17:18,103 [INFO] CodeEngine:263 - oldGeneratedFile, C:\Users\Thomas\Documents\ELEBAC\Winbond_Flash\MXTmpFiles\bsp_common_demo_inside_while.tmp_save
2025-03-14 15:17:18,149 [INFO] CodeEngine:287 - Generated code: C:\Users\Thomas\Documents\ELEBAC\Winbond_Flash\MXTmpFiles\bsp_common_demo_inside_while.tmp
2025-03-14 15:17:18,153 [INFO] CodeEngine:263 - oldGeneratedFile, C:\Users\Thomas\Documents\ELEBAC\Winbond_Flash\MXTmpFiles\bsp_common_demo_fct.tmp_save
2025-03-14 15:17:18,197 [INFO] CodeEngine:287 - Generated code: C:\Users\Thomas\Documents\ELEBAC\Winbond_Flash\MXTmpFiles\bsp_common_demo_fct.tmp
2025-03-14 15:17:18,210 [INFO] CodeEngine:263 - oldGeneratedFile, C:\Users\Thomas\Documents\ELEBAC\Winbond_Flash\Core\Src\stm32h7xx_it.c_save
2025-03-14 15:17:18,453 [INFO] CodeEngine:287 - Generated code: C:\Users\Thomas\Documents\ELEBAC\Winbond_Flash\Core\Src\stm32h7xx_it.c
2025-03-14 15:17:18,458 [INFO] CodeEngine:263 - oldGeneratedFile, C:\Users\Thomas\Documents\ELEBAC\Winbond_Flash\Core\Inc\stm32h7xx_it.h_save
2025-03-14 15:17:18,514 [INFO] CodeEngine:287 - Generated code: C:\Users\Thomas\Documents\ELEBAC\Winbond_Flash\Core\Inc\stm32h7xx_it.h
2025-03-14 15:17:18,569 [INFO] CodeEngine:263 - oldGeneratedFile, C:\Users\Thomas\Documents\ELEBAC\Winbond_Flash\Core\Src\stm32h7xx_hal_msp.c_save
2025-03-14 15:17:18,650 [INFO] CodeEngine:287 - Generated code: C:\Users\Thomas\Documents\ELEBAC\Winbond_Flash\Core\Src\stm32h7xx_hal_msp.c
2025-03-14 15:17:18,654 [INFO] CodeEngine:263 - oldGeneratedFile, C:\Users\Thomas\Documents\ELEBAC\Winbond_Flash\MXTmpFiles\system.tmp_save
2025-03-14 15:17:18,697 [INFO] CodeEngine:287 - Generated code: C:\Users\Thomas\Documents\ELEBAC\Winbond_Flash\MXTmpFiles\system.tmp
2025-03-14 15:17:18,706 [INFO] CodeEngine:319 - oldGeneratedFile, C:\Users\Thomas\Documents\ELEBAC\Winbond_Flash\Core\Inc\stm32h7xx_hal_conf.h_save
2025-03-14 15:17:18,756 [INFO] CodeEngine:343 - Generated code: C:\Users\Thomas\Documents\ELEBAC\Winbond_Flash\Core\Inc\stm32h7xx_hal_conf.h
2025-03-14 15:17:18,784 [ERROR] ApiDbMcu:464 - Can't load MEMORYMAP-STM32xx root dir null
2025-03-14 15:17:18,784 [ERROR] ApiDbMcu:536 - Cannot parse MEMORYMAP_Config file : file do not exist
2025-03-14 15:17:18,786 [INFO] ApiDbMcu:508 - Load IP Config File for SPI1
2025-03-14 15:17:18,789 [INFO] ApiDbMcu:508 - Load IP Config File for RCC
2025-03-14 15:17:18,799 [INFO] CodeEngine:263 - oldGeneratedFile, C:\Users\Thomas\Documents\ELEBAC\Winbond_Flash\Core\Inc\main.h_save
2025-03-14 15:17:18,864 [INFO] CodeEngine:287 - Generated code: C:\Users\Thomas\Documents\ELEBAC\Winbond_Flash\Core\Inc\main.h
2025-03-14 15:17:18,869 [INFO] CodeEngine:263 - oldGeneratedFile, C:\Users\Thomas\Documents\ELEBAC\Winbond_Flash\Core\Src\main.c_save
2025-03-14 15:17:18,947 [INFO] CodeEngine:287 - Generated code: C:\Users\Thomas\Documents\ELEBAC\Winbond_Flash\Core\Src\main.c
2025-03-14 15:17:19,299 [INFO] ProjectBuilder:3324 - Time for Copy HAL[1] : 220mS.
2025-03-14 15:17:19,303 [INFO] ProjectBuilder:4912 - Project Generator version: 4.6.0-B36
2025-03-14 15:17:19,363 [INFO] ConfigFileManager:1590 - The Die is : DIE450
2025-03-14 15:17:19,366 [INFO] ApiDbMcu:508 - Load IP Config File for FATFS
2025-03-14 15:17:19,369 [INFO] ApiDbMcu:508 - Load IP Config File for FREERTOS
2025-03-14 15:17:19,371 [INFO] ApiDbMcu:508 - Load IP Config File for LIBJPEG
2025-03-14 15:17:19,375 [INFO] ApiDbMcu:508 - Load IP Config File for LWIP
2025-03-14 15:17:19,380 [INFO] ApiDbMcu:508 - Load IP Config File for MBEDTLS
2025-03-14 15:17:19,385 [INFO] ApiDbMcu:508 - Load IP Config File for USB_DEVICE
2025-03-14 15:17:19,388 [INFO] ApiDbMcu:508 - Load IP Config File for USB_HOST
2025-03-14 15:17:20,344 [INFO] ProjectBuilder:5191 - Time for Generating toolchain IDE Files: 1041mS.
2025-03-14 15:17:20,345 [INFO] ProjectBuilder:3181 - Time for Copy CMSIS : 1mS.
2025-03-14 15:17:20,347 [INFO] ProjectBuilder:3181 - Time for Copy CMSIS : 0mS.
2025-03-14 18:32:58,032 [INFO] WebApp:194 - Connection lost
2025-03-14 18:33:00,174 [INFO] WebApp:191 - Connection restablished
2025-03-14 18:33:00,183 [INFO] WebApp:194 - Connection lost
2025-03-14 18:33:00,318 [INFO] WebApp:191 - Connection restablished
