2025-02-22 13:10:10,707 [INFO] Activator:176 - 


2025-02-22 13:10:10,711 [INFO] Activator:177 - !SESSION log4j initialized
2025-02-22 13:10:15,896 [INFO] LogOutputStream:77 - [STDOUT_REDIRECT] 
2025-02-22 13:10:17,760 [INFO] ApplicationProperties:184 - Using Application install path: C:\ST\STM32CubeIDE_1.16.1\STM32CubeIDE\plugins\com.st.stm32cube.common.mx_6.13.0.202411220809
2025-02-22 13:10:17,773 [INFO] DbMcusXml:78 - Set database path to: C:\ST\STM32CubeIDE_1.16.1\STM32CubeIDE\plugins\com.st.stm32cube.common.mx_6.13.0.202411220809\\db\/mcu/
2025-02-22 13:10:17,773 [INFO] ApiDb:274 - Set plugin database path to: C:\ST\STM32CubeIDE_1.16.1\STM32CubeIDE\plugins\com.st.stm32cube.common.mx_6.13.0.202411220809\\db\/plugins/boardmanager/
2025-02-22 13:10:17,773 [WARN] ApiDb:259 - Overriding images path with different value:  => C:\ST\STM32CubeIDE_1.16.1\STM32CubeIDE\plugins\com.st.stm32cube.common.mx_6.13.0.202411220809\\db\/plugins/mcufinder/images/
2025-02-22 13:10:17,782 [INFO] ApiDb:250 - Set database path to: C:\Users\Thomas\.stmcufinder\plugins\mcufinder//mcu/
2025-02-22 13:10:17,783 [INFO] DbMcusAds:125 - Set database path to: C:\Users\Thomas\.stmcufinder\plugins\mcufinder//mcu/
2025-02-22 13:10:17,784 [INFO] CrossReferenceDbSqlite:203 - Set database path to: C:\Users\Thomas\.stmcufinder\plugins\mcufinder//mcu/cs/
2025-02-22 13:10:17,878 [INFO] RulesReader:64 - Compatibility file has been processed (297 Rules)
2025-02-22 13:10:17,935 [INFO] DbMcusXml:78 - Set database path to: C:\ST\STM32CubeIDE_1.16.1\STM32CubeIDE\plugins\com.st.stm32cube.common.mx_6.13.0.202411220809\\db\/mcu/
2025-02-22 13:10:17,935 [INFO] ApiDb:274 - Set plugin database path to: C:\ST\STM32CubeIDE_1.16.1\STM32CubeIDE\plugins\com.st.stm32cube.common.mx_6.13.0.202411220809\\db\/plugins/boardmanager/
2025-02-22 13:10:17,936 [INFO] ApiDb:261 - Set plugin images path to: C:\ST\STM32CubeIDE_1.16.1\STM32CubeIDE\plugins\com.st.stm32cube.common.mx_6.13.0.202411220809\\db\/plugins/mcufinder/images/
2025-02-22 13:10:17,936 [WARN] DbFile:41 - Overriding database path with different value: C:\Users\Thomas\.stmcufinder\plugins\mcufinder/ => C:\Users\Thomas\.stmcufinder\plugins\mcufinder
2025-02-22 13:10:17,936 [INFO] ApiDb:250 - Set database path to: C:\Users\Thomas\.stmcufinder\plugins\mcufinder//mcu/
2025-02-22 13:10:17,936 [WARN] DbFile:41 - Overriding database path with different value: C:\Users\Thomas\.stmcufinder\plugins\mcufinder/ => C:\Users\Thomas\.stmcufinder\plugins\mcufinder
2025-02-22 13:10:17,936 [INFO] DbMcusAds:125 - Set database path to: C:\Users\Thomas\.stmcufinder\plugins\mcufinder//mcu/
2025-02-22 13:10:17,936 [WARN] DbFile:41 - Overriding database path with different value: C:\Users\Thomas\.stmcufinder\plugins\mcufinder/ => C:\Users\Thomas\.stmcufinder\plugins\mcufinder
2025-02-22 13:10:17,936 [WARN] DbFile:41 - Overriding database path with different value: C:\Users\Thomas\.stmcufinder\plugins\mcufinder/ => C:\Users\Thomas\.stmcufinder\plugins\mcufinder
2025-02-22 13:10:17,936 [INFO] CrossReferenceDbSqlite:203 - Set database path to: C:\Users\Thomas\.stmcufinder\plugins\mcufinder//mcu/cs/
2025-02-22 13:10:17,987 [INFO] MainPanel:272 - HeapMemory: 268435456
2025-02-22 13:10:18,070 [INFO] DbMcusXml:78 - Set database path to: C:\ST\STM32CubeIDE_1.16.1\STM32CubeIDE\plugins\com.st.stm32cube.common.mx_6.13.0.202411220809\\db\/mcu/
2025-02-22 13:10:18,070 [INFO] ApiDb:274 - Set plugin database path to: C:\ST\STM32CubeIDE_1.16.1\STM32CubeIDE\plugins\com.st.stm32cube.common.mx_6.13.0.202411220809\\db\/plugins/boardmanager/
2025-02-22 13:10:18,071 [INFO] ApiDb:261 - Set plugin images path to: C:\ST\STM32CubeIDE_1.16.1\STM32CubeIDE\plugins\com.st.stm32cube.common.mx_6.13.0.202411220809\\db\/plugins/mcufinder/images/
2025-02-22 13:10:18,071 [WARN] DbFile:41 - Overriding database path with different value: C:\Users\Thomas\.stmcufinder\plugins\mcufinder/ => C:\Users\Thomas\.stmcufinder\plugins\mcufinder
2025-02-22 13:10:18,071 [INFO] ApiDb:250 - Set database path to: C:\Users\Thomas\.stmcufinder\plugins\mcufinder//mcu/
2025-02-22 13:10:18,071 [WARN] DbFile:41 - Overriding database path with different value: C:\Users\Thomas\.stmcufinder\plugins\mcufinder/ => C:\Users\Thomas\.stmcufinder\plugins\mcufinder
2025-02-22 13:10:18,071 [INFO] DbMcusAds:125 - Set database path to: C:\Users\Thomas\.stmcufinder\plugins\mcufinder//mcu/
2025-02-22 13:10:18,071 [WARN] DbFile:41 - Overriding database path with different value: C:\Users\Thomas\.stmcufinder\plugins\mcufinder/ => C:\Users\Thomas\.stmcufinder\plugins\mcufinder
2025-02-22 13:10:18,071 [WARN] DbFile:41 - Overriding database path with different value: C:\Users\Thomas\.stmcufinder\plugins\mcufinder/ => C:\Users\Thomas\.stmcufinder\plugins\mcufinder
2025-02-22 13:10:18,071 [INFO] CrossReferenceDbSqlite:203 - Set database path to: C:\Users\Thomas\.stmcufinder\plugins\mcufinder//mcu/cs/
2025-02-22 13:10:18,084 [INFO] ApplicationProperties:184 - Using Application install path: C:\ST\STM32CubeIDE_1.16.1\STM32CubeIDE\plugins\com.st.stm32cube.common.mx_6.13.0.202411220809
2025-02-22 13:10:18,085 [INFO] PluginManage:196 - Search for loadable plugins [exclusion list=, ]
2025-02-22 13:10:18,086 [INFO] PluginManage:310 - Check plugin analytics
2025-02-22 13:10:18,196 [INFO] AnalyticsPlugin:253 - Accepted Software Licenses: 
2025-02-22 13:10:18,196 [INFO] AnalyticsPlugin:255 - Accepted CMSIS Pack Licenses: 
2025-02-22 13:10:18,196 [INFO] AnalyticsPlugin:257 - Accepted Firmware Licenses: 
2025-02-22 13:10:18,198 [INFO] PluginManage:359 - Loaded plugin analytics (category:tool,tabindex:-1)
2025-02-22 13:10:18,198 [INFO] PluginManage:310 - Check plugin cadmodel
2025-02-22 13:10:18,212 [INFO] CADModel:105 - Init CAD model plugin
2025-02-22 13:10:18,212 [INFO] PluginManage:359 - Loaded plugin cadmodel (category:power,tabindex:5)
2025-02-22 13:10:18,212 [INFO] PluginManage:310 - Check plugin clock
2025-02-22 13:10:18,228 [INFO] PluginManage:359 - Loaded plugin clock (category:base,tabindex:2)
2025-02-22 13:10:18,228 [INFO] PluginManage:310 - Check plugin ddr
2025-02-22 13:10:18,229 [INFO] PluginManage:359 - Loaded plugin ddr (category:tool,tabindex:6)
2025-02-22 13:10:18,230 [INFO] PluginManage:310 - Check plugin filemanager
2025-02-22 13:10:18,327 [INFO] PluginManage:359 - Loaded plugin filemanager (category:base,tabindex:10)
2025-02-22 13:10:18,327 [INFO] PluginManage:310 - Check plugin ipmanager
2025-02-22 13:10:18,332 [INFO] PluginManage:359 - Loaded plugin ipmanager (category:base,tabindex:5)
2025-02-22 13:10:18,332 [INFO] PluginManage:310 - Check plugin lpbam
2025-02-22 13:10:18,347 [INFO] PluginManage:359 - Loaded plugin lpbam (category:base,tabindex:0)
2025-02-22 13:10:18,347 [INFO] PluginManage:310 - Check plugin memorymap
2025-02-22 13:10:18,367 [INFO] PluginManage:359 - Loaded plugin memorymap (category:base,tabindex:4)
2025-02-22 13:10:18,367 [INFO] PluginManage:310 - Check plugin pinoutandconfiguration
2025-02-22 13:10:18,382 [INFO] PluginManage:359 - Loaded plugin pinoutandconfiguration (category:base,tabindex:1)
2025-02-22 13:10:18,382 [INFO] PluginManage:310 - Check plugin pinoutconfig
2025-02-22 13:10:18,455 [WARN] SupportedApi:132 - Cannot load RTOS API schema: s4s-elt-must-match.1: The content of 'definitions' must match (annotation?, (simpleType | complexType)?, (unique | key | keyref)*)). A problem was found starting at: attribute.
2025-02-22 13:10:18,548 [INFO] PluginManage:359 - Loaded plugin pinoutconfig (category:base,tabindex:0)
2025-02-22 13:10:18,548 [INFO] PluginManage:310 - Check plugin power
2025-02-22 13:10:18,565 [INFO] PluginManage:359 - Loaded plugin power (category:power,tabindex:4)
2025-02-22 13:10:18,565 [INFO] PluginManage:310 - Check plugin projectmanager
2025-02-22 13:10:18,575 [INFO] PluginManage:359 - Loaded plugin projectmanager (category:projectmanager,tabindex:4)
2025-02-22 13:10:18,575 [INFO] PluginManage:310 - Check plugin rif
2025-02-22 13:10:18,591 [INFO] PluginManage:359 - Loaded plugin rif (category:base,tabindex:3)
2025-02-22 13:10:18,591 [INFO] PluginManage:310 - Check plugin thirdparty
2025-02-22 13:10:18,828 [WARN] IntegrityCheckThread:84 - waiting for thirdparty lock release [integrity check]
2025-02-22 13:10:18,828 [INFO] PluginManage:359 - Loaded plugin thirdparty (category:base,tabindex:-1)
2025-02-22 13:10:18,828 [INFO] IntegrityCheckThread:86 - entering critical section [integrity check]
2025-02-22 13:10:18,828 [INFO] PluginManage:310 - Check plugin tools
2025-02-22 13:10:18,829 [INFO] ThirdPartyUpdaterWithRetryManager:70 - Updater plugin not ready yet. [1/15]
2025-02-22 13:10:18,861 [INFO] PluginManage:359 - Loaded plugin tools (category:base,tabindex:7)
2025-02-22 13:10:18,861 [INFO] PluginManage:310 - Check plugin tutovideos
2025-02-22 13:10:19,008 [INFO] PluginManage:359 - Loaded plugin tutovideos (category:base,tabindex:-1)
2025-02-22 13:10:19,008 [INFO] PluginManage:310 - Check plugin updater
2025-02-22 13:10:19,023 [INFO] PluginManage:359 - Loaded plugin updater (category:base,tabindex:12)
2025-02-22 13:10:19,023 [INFO] PluginManage:310 - Check plugin userauth
2025-02-22 13:10:19,026 [INFO] UserAuth:118 - Init User Auth plugin
2025-02-22 13:10:19,027 [INFO] PluginManage:359 - Loaded plugin userauth (category:base,tabindex:14)
2025-02-22 13:10:19,027 [INFO] PluginManage:283 - PluginManage : Loaded plugins [18]
2025-02-22 13:10:19,179 [INFO] PinOutPanel:1589 - setPackage(No Configuration,No Configuration)
2025-02-22 13:10:19,240 [INFO] CADModel:165 - CPN selected for project level
2025-02-22 13:10:19,240 [INFO] CADModel:114 - Register for checkConnection events
2025-02-22 13:10:19,263 [INFO] IPUIPlugin:80 - create IPUIPlugin
2025-02-22 13:10:19,264 [INFO] PluginManager:220 - loadIPPluginJar : add adc
2025-02-22 13:10:19,300 [INFO] IPUIPlugin:80 - create IPUIPlugin
2025-02-22 13:10:19,301 [INFO] PluginManager:220 - loadIPPluginJar : add aes
2025-02-22 13:10:19,342 [INFO] IPUIPlugin:80 - create IPUIPlugin
2025-02-22 13:10:19,342 [INFO] PluginManager:220 - loadIPPluginJar : add can
2025-02-22 13:10:19,367 [INFO] IPUIPlugin:80 - create IPUIPlugin
2025-02-22 13:10:19,367 [INFO] PluginManager:220 - loadIPPluginJar : add comp
2025-02-22 13:10:19,402 [INFO] IPUIPlugin:80 - create IPUIPlugin
2025-02-22 13:10:19,402 [INFO] PluginManager:220 - loadIPPluginJar : add cryp
2025-02-22 13:10:19,414 [INFO] IPUIPlugin:80 - create IPUIPlugin
2025-02-22 13:10:19,414 [INFO] PluginManager:220 - loadIPPluginJar : add ddr_ctrl_phy
2025-02-22 13:10:19,443 [INFO] IPUIPlugin:80 - create IPUIPlugin
2025-02-22 13:10:19,443 [INFO] PluginManager:220 - loadIPPluginJar : add dfsdm
2025-02-22 13:10:19,456 [INFO] IPUIPlugin:80 - create IPUIPlugin
2025-02-22 13:10:19,456 [INFO] PluginManager:220 - loadIPPluginJar : add dma
2025-02-22 13:10:19,492 [INFO] IPUIPlugin:80 - create IPUIPlugin
2025-02-22 13:10:19,492 [INFO] PluginManager:220 - loadIPPluginJar : add dma3
2025-02-22 13:10:19,536 [INFO] IPUIPlugin:80 - create IPUIPlugin
2025-02-22 13:10:19,537 [INFO] PluginManager:220 - loadIPPluginJar : add extmemmanager
2025-02-22 13:10:19,557 [INFO] IPUIPlugin:80 - create IPUIPlugin
2025-02-22 13:10:19,557 [INFO] PluginManager:220 - loadIPPluginJar : add fatfs
2025-02-22 13:10:19,600 [INFO] IPUIPlugin:80 - create IPUIPlugin
2025-02-22 13:10:19,600 [INFO] PluginManager:220 - loadIPPluginJar : add fmc
2025-02-22 13:10:19,613 [INFO] IPUIPlugin:80 - create IPUIPlugin
2025-02-22 13:10:19,614 [INFO] PluginManager:220 - loadIPPluginJar : add freertos
2025-02-22 13:10:19,634 [INFO] IPUIPlugin:80 - create IPUIPlugin
2025-02-22 13:10:19,634 [INFO] PluginManager:220 - loadIPPluginJar : add genericplugin
2025-02-22 13:10:19,718 [INFO] IPUIPlugin:80 - create IPUIPlugin
2025-02-22 13:10:19,718 [INFO] PluginManager:220 - loadIPPluginJar : add gfxmmu
2025-02-22 13:10:19,838 [INFO] IPUIPlugin:80 - create IPUIPlugin
2025-02-22 13:10:19,838 [INFO] PluginManager:220 - loadIPPluginJar : add gic
2025-02-22 13:10:19,850 [INFO] IPUIPlugin:80 - create IPUIPlugin
2025-02-22 13:10:19,850 [INFO] PluginManager:220 - loadIPPluginJar : add gpio
2025-02-22 13:10:19,933 [INFO] IPUIPlugin:80 - create IPUIPlugin
2025-02-22 13:10:19,933 [INFO] PluginManager:220 - loadIPPluginJar : add gtzc
2025-02-22 13:10:19,963 [INFO] IPUIPlugin:80 - create IPUIPlugin
2025-02-22 13:10:19,963 [INFO] PluginManager:220 - loadIPPluginJar : add hash
2025-02-22 13:10:20,012 [INFO] IPUIPlugin:80 - create IPUIPlugin
2025-02-22 13:10:20,012 [INFO] PluginManager:220 - loadIPPluginJar : add i2c
2025-02-22 13:10:20,050 [INFO] IPUIPlugin:80 - create IPUIPlugin
2025-02-22 13:10:20,050 [INFO] PluginManager:220 - loadIPPluginJar : add i2s
2025-02-22 13:10:20,089 [INFO] IPUIPlugin:80 - create IPUIPlugin
2025-02-22 13:10:20,089 [INFO] PluginManager:220 - loadIPPluginJar : add i3c
2025-02-22 13:10:20,182 [INFO] IPUIPlugin:80 - create IPUIPlugin
2025-02-22 13:10:20,182 [INFO] PluginManager:220 - loadIPPluginJar : add ipddr
2025-02-22 13:10:20,265 [INFO] IPUIPlugin:80 - create IPUIPlugin
2025-02-22 13:10:20,265 [INFO] PluginManager:220 - loadIPPluginJar : add linkedlist
2025-02-22 13:10:20,298 [INFO] IPUIPlugin:80 - create IPUIPlugin
2025-02-22 13:10:20,298 [INFO] PluginManager:220 - loadIPPluginJar : add lorawan
2025-02-22 13:10:20,331 [INFO] IPUIPlugin:80 - create IPUIPlugin
2025-02-22 13:10:20,331 [INFO] PluginManager:220 - loadIPPluginJar : add ltdc
2025-02-22 13:10:20,344 [INFO] IPUIPlugin:80 - create IPUIPlugin
2025-02-22 13:10:20,344 [INFO] PluginManager:220 - loadIPPluginJar : add mdma
2025-02-22 13:10:20,356 [INFO] IPUIPlugin:80 - create IPUIPlugin
2025-02-22 13:10:20,356 [INFO] PluginManager:220 - loadIPPluginJar : add nvic
2025-02-22 13:10:20,391 [INFO] IPUIPlugin:80 - create IPUIPlugin
2025-02-22 13:10:20,391 [INFO] PluginManager:220 - loadIPPluginJar : add opamp
2025-02-22 13:10:20,448 [INFO] IPUIPlugin:80 - create IPUIPlugin
2025-02-22 13:10:20,448 [INFO] PluginManager:220 - loadIPPluginJar : add openamp
2025-02-22 13:10:20,489 [INFO] IPUIPlugin:80 - create IPUIPlugin
2025-02-22 13:10:20,489 [INFO] PluginManager:220 - loadIPPluginJar : add pdm2pcm
2025-02-22 13:10:20,502 [INFO] IPUIPlugin:80 - create IPUIPlugin
2025-02-22 13:10:20,504 [INFO] PluginManager:220 - loadIPPluginJar : add plateformsettings
2025-02-22 13:10:20,526 [INFO] IPUIPlugin:80 - create IPUIPlugin
2025-02-22 13:10:20,526 [INFO] PluginManager:220 - loadIPPluginJar : add quadspi
2025-02-22 13:10:20,551 [INFO] IPUIPlugin:80 - create IPUIPlugin
2025-02-22 13:10:20,551 [INFO] PluginManager:220 - loadIPPluginJar : add radio
2025-02-22 13:10:20,563 [INFO] IPUIPlugin:80 - create IPUIPlugin
2025-02-22 13:10:20,563 [INFO] PluginManager:220 - loadIPPluginJar : add resmgrutility
2025-02-22 13:10:20,606 [INFO] IPUIPlugin:80 - create IPUIPlugin
2025-02-22 13:10:20,606 [INFO] PluginManager:220 - loadIPPluginJar : add sai
2025-02-22 13:10:20,641 [INFO] IPUIPlugin:80 - create IPUIPlugin
2025-02-22 13:10:20,642 [INFO] PluginManager:220 - loadIPPluginJar : add spi
2025-02-22 13:10:20,704 [INFO] IPUIPlugin:80 - create IPUIPlugin
2025-02-22 13:10:20,704 [INFO] PluginManager:220 - loadIPPluginJar : add stm32_wpan
2025-02-22 13:10:20,727 [INFO] IPUIPlugin:80 - create IPUIPlugin
2025-02-22 13:10:20,728 [INFO] PluginManager:220 - loadIPPluginJar : add tim
2025-02-22 13:10:20,787 [INFO] IPUIPlugin:80 - create IPUIPlugin
2025-02-22 13:10:20,787 [INFO] PluginManager:220 - loadIPPluginJar : add touchsensing
2025-02-22 13:10:20,812 [INFO] IPUIPlugin:80 - create IPUIPlugin
2025-02-22 13:10:20,812 [INFO] PluginManager:220 - loadIPPluginJar : add tracer_emb
2025-02-22 13:10:20,836 [INFO] IPUIPlugin:80 - create IPUIPlugin
2025-02-22 13:10:20,836 [INFO] PluginManager:220 - loadIPPluginJar : add ts
2025-02-22 13:10:20,859 [INFO] IPUIPlugin:80 - create IPUIPlugin
2025-02-22 13:10:20,859 [INFO] PluginManager:220 - loadIPPluginJar : add tsc
2025-02-22 13:10:20,880 [INFO] IPUIPlugin:80 - create IPUIPlugin
2025-02-22 13:10:20,880 [INFO] PluginManager:220 - loadIPPluginJar : add ucpd
2025-02-22 13:10:20,923 [INFO] IPUIPlugin:80 - create IPUIPlugin
2025-02-22 13:10:20,923 [INFO] PluginManager:220 - loadIPPluginJar : add usart
2025-02-22 13:10:20,968 [INFO] IPUIPlugin:80 - create IPUIPlugin
2025-02-22 13:10:20,968 [INFO] PluginManager:220 - loadIPPluginJar : add usbx
2025-02-22 13:10:21,079 [FATAL] Updater:351 - Updater called before beeing initialized
2025-02-22 13:10:21,095 [INFO] RulesReader:64 - Compatibility file has been processed (297 Rules)
2025-02-22 13:10:21,103 [INFO] RulesReader:64 - Compatibility file has been processed (297 Rules)
2025-02-22 13:10:21,109 [INFO] CADModel:165 - CPN selected for project level
2025-02-22 13:10:21,109 [INFO] CADModel:114 - Register for checkConnection events
2025-02-22 13:10:21,109 [FATAL] Updater:351 - Updater called before beeing initialized
2025-02-22 13:10:21,109 [ERROR] CADModel:125 - Updater not yet initialized, retry later 
2025-02-22 13:10:21,215 [FATAL] Updater:351 - Updater called before beeing initialized
2025-02-22 13:10:21,216 [INFO] CADModel:165 - CPN selected for project level
2025-02-22 13:10:21,216 [INFO] CADModel:114 - Register for checkConnection events
2025-02-22 13:10:21,216 [FATAL] Updater:351 - Updater called before beeing initialized
2025-02-22 13:10:21,216 [ERROR] CADModel:125 - Updater not yet initialized, retry later 
2025-02-22 13:10:21,218 [FATAL] Updater:351 - Updater called before beeing initialized
2025-02-22 13:10:21,291 [FATAL] Updater:351 - Updater called before beeing initialized
2025-02-22 13:10:21,300 [INFO] DbMcusAds:53 - JSON generation date=Tue Dec 17 17:01:15 CET 2024 (1734451275222)
2025-02-22 13:10:21,300 [FATAL] Updater:351 - Updater called before beeing initialized
2025-02-22 13:10:21,330 [WARN] DetailPanel:346 - Failed to get advertising image, set to default
2025-02-22 13:10:21,522 [FATAL] Updater:351 - Updater called before beeing initialized
2025-02-22 13:10:21,523 [FATAL] Updater:351 - Updater called before beeing initialized
2025-02-22 13:10:21,523 [FATAL] Updater:351 - Updater called before beeing initialized
2025-02-22 13:10:21,523 [WARN] DetailPanel:346 - Failed to get advertising image, set to default
2025-02-22 13:10:21,524 [FATAL] Updater:351 - Updater called before beeing initialized
2025-02-22 13:10:21,569 [ERROR] Updater:1198 - MainUpdater not yet initialized. External WinMGr cannot be set.
2025-02-22 13:10:21,578 [INFO] Updater:1134 - Updater Version found : 6.13.0
2025-02-22 13:10:21,592 [INFO] ApplicationProperties:184 - Using Application install path: C:\ST\STM32CubeIDE_1.16.1\STM32CubeIDE\plugins\com.st.stm32cube.common.mx_6.13.0.202411220809
2025-02-22 13:10:21,830 [INFO] ThirdPartyUpdaterWithRetryManager:70 - Updater plugin not ready yet. [2/15]
2025-02-22 13:10:23,164 [ERROR] LogOutputStream:75 - [STDERR_REDIRECT] Feb 22, 2025 1:10:23 PM java.util.prefs.WindowsPreferences <init>
2025-02-22 13:10:23,166 [ERROR] LogOutputStream:75 - [STDERR_REDIRECT] WARNING: Could not open/create prefs root node Software\JavaSoft\Prefs at root 0xffffffff80000002. Windows RegCreateKeyEx(...) returned error code 5.
2025-02-22 13:10:23,166 [ERROR] LogOutputStream:75 - [STDERR_REDIRECT] 
2025-02-22 13:10:23,488 [INFO] MainUpdater:2872 - connection check result : 10
2025-02-22 13:10:23,488 [INFO] MainUpdater:3566 - Updater definition file requires update
2025-02-22 13:10:23,489 [INFO] MainUpdater:289 - Updater Check For Update Now.
2025-02-22 13:10:23,489 [INFO] MicroXplorer:498 - Change Database Version : DB.6.0.130
2025-02-22 13:10:23,503 [INFO] McuFinderGlobals:63 - Set McuFinder mode to 2 (CubeIDE integrated)
2025-02-22 13:10:23,508 [INFO] UserAuth:486 - Internet connection configuration mode: 1
2025-02-22 13:10:23,530 [INFO] JxBrowserEngine:152 - Initiate JxBrowser Engine with user profile folder
2025-02-22 13:10:23,646 [INFO] ServerAccessManage:473 - Download File updaters.zip
2025-02-22 13:10:23,701 [INFO] FileExtend:240 - Unzip File : updaters.zip
2025-02-22 13:10:23,701 [INFO] FileExtend:255 - Standard Zip Deflate
2025-02-22 13:10:24,442 [INFO] ServerAccessManage:473 - Download File PacksControlFlags.xml
2025-02-22 13:10:24,550 [INFO] ServerAccessManage:473 - Download File cubemx.pidx
2025-02-22 13:10:24,657 [INFO] LoadServerUpdatesThread:375 - End of LoadServerUpdate Thread
2025-02-22 13:10:24,686 [INFO] WebApp:168 - Instantiating new browser for Auth
2025-02-22 13:10:24,807 [INFO] CheckServerUpdateThread:120 - End of CheckServer Thread
2025-02-22 13:10:25,074 [WARN] PackLoader:240 - Cannot read IP mode file for STMicroelectronics.FP-SNS-MOTENVWB1.1.4.0
2025-02-22 13:10:25,091 [WARN] PackLoader:240 - Cannot read IP mode file for STMicroelectronics.FP-ATR-ASTRA1.2.0.1
2025-02-22 13:10:25,115 [WARN] PackLoader:240 - Cannot read IP mode file for STMicroelectronics.X-CUBE-SMBUS.2.1.0
2025-02-22 13:10:25,133 [WARN] PackLoader:240 - Cannot read IP mode file for STMicroelectronics.X-CUBE-WB05N.1.1.0
2025-02-22 13:10:25,164 [WARN] PackLoader:240 - Cannot read IP mode file for STMicroelectronics.X-CUBE-AZRTOS-F7.1.1.0
2025-02-22 13:10:25,218 [WARN] PackLoader:240 - Cannot read IP mode file for STMicroelectronics.X-CUBE-MEMS1.11.0.0
2025-02-22 13:10:25,346 [WARN] PackLoader:240 - Cannot read IP mode file for STMicroelectronics.FP-SNS-FLIGHT1.5.0.2
2025-02-22 13:10:25,367 [WARN] PackLoader:240 - Cannot read IP mode file for STMicroelectronics.X-CUBE-DISPLAY.3.0.0
2025-02-22 13:10:25,383 [WARN] PackLoader:240 - Cannot read IP mode file for STMicroelectronics.X-CUBE-BLE1.7.0.0
2025-02-22 13:10:25,406 [WARN] PackLoader:240 - Cannot read IP mode file for STMicroelectronics.X-CUBE-NFC10.1.0.0
2025-02-22 13:10:25,414 [INFO] WebApp:449 - Apply proxy settings
2025-02-22 13:10:25,414 [INFO] WebApp:534 - Chromium requires no authentication
2025-02-22 13:10:25,422 [INFO] WebApp:477 - Direct internet connection detected
2025-02-22 13:10:25,424 [WARN] PackLoader:240 - Cannot read IP mode file for STMicroelectronics.X-CUBE-BLEMGR.4.0.0
2025-02-22 13:10:25,439 [WARN] PackLoader:240 - Cannot read IP mode file for emotas.I-CUBE-CANOPEN.1.3.0
2025-02-22 13:10:25,444 [INFO] WebApp:880 - Register for checkConnection events
2025-02-22 13:10:25,445 [INFO] WebApp:449 - Apply proxy settings
2025-02-22 13:10:25,445 [INFO] WebApp:534 - Chromium requires no authentication
2025-02-22 13:10:25,445 [INFO] WebApp:477 - Direct internet connection detected
2025-02-22 13:10:25,455 [WARN] PackLoader:240 - Cannot read IP mode file for STMicroelectronics.X-CUBE-BLEMGR.3.1.0
2025-02-22 13:10:25,470 [WARN] PackLoader:240 - Cannot read IP mode file for STMicroelectronics.FP-SNS-SMARTAG2.1.2.0
2025-02-22 13:10:25,514 [WARN] PackLoader:240 - Cannot read IP mode file for STMicroelectronics.X-CUBE-MEMS1.11.1.0
2025-02-22 13:10:25,598 [INFO] WebApp:221 - Starting web application
2025-02-22 13:10:25,599 [INFO] WebApp:579 - Web application path used C:\ST\STM32CubeIDE_1.16.1\STM32CubeIDE\plugins\com.st.stm32cube.common.mx_6.13.0.202411220809\db\plugins\mcufinder\reactClient1\index.html
2025-02-22 13:10:25,604 [INFO] WebApp:187 - Connection restablished
2025-02-22 13:10:25,607 [INFO] LogOutputStream:77 - [STDOUT_REDIRECT] 1 : Invalid condition id : UX_CORESTACK_Condition cause : null
2025-02-22 13:10:25,608 [INFO] LogOutputStream:77 - [STDOUT_REDIRECT] 1 : Invalid condition id : UX_CORESTACK_Condition cause : null
2025-02-22 13:10:25,609 [INFO] LogOutputStream:77 - [STDOUT_REDIRECT] 1 : Invalid condition id : UX_CORESTACK_Condition cause : null
2025-02-22 13:10:25,609 [INFO] LogOutputStream:77 - [STDOUT_REDIRECT] 1 : Invalid condition id : UX_CORESTACK_Condition cause : null
2025-02-22 13:10:25,610 [INFO] LogOutputStream:77 - [STDOUT_REDIRECT] 1 : Invalid condition id : UX_CORESTACK_Condition cause : null
2025-02-22 13:10:25,612 [WARN] PackLoader:240 - Cannot read IP mode file for STMicroelectronics.X-CUBE-AZRTOS-WL.2.0.0
2025-02-22 13:10:25,625 [WARN] PackLoader:240 - Cannot read IP mode file for STMicroelectronics.FP-SNS-MOTENV1.5.0.0
2025-02-22 13:10:25,638 [WARN] PackLoader:240 - Cannot read IP mode file for wolfSSL.I-CUBE-wolfMQTT.1.19.0
2025-02-22 13:10:25,652 [WARN] PackLoader:240 - Cannot read IP mode file for WES.I-CUBE-Cesium.1.3.0
2025-02-22 13:10:25,665 [WARN] PackLoader:240 - Cannot read IP mode file for STMicroelectronics.X-CUBE-BLE2.3.3.0
2025-02-22 13:10:25,709 [WARN] PackLoader:240 - Cannot read IP mode file for STMicroelectronics.X-CUBE-NFC9.1.0.0
2025-02-22 13:10:25,722 [WARN] PackLoader:240 - Cannot read IP mode file for STMicroelectronics.X-CUBE-TCPP.4.1.0
2025-02-22 13:10:25,748 [WARN] PackLoader:240 - Cannot read IP mode file for STMicroelectronics.X-CUBE-AZRTOS-G0.1.1.0
2025-02-22 13:10:25,774 [WARN] PackLoader:240 - Cannot read IP mode file for STMicroelectronics.X-CUBE-SAFEA1.1.2.2
2025-02-22 13:10:25,787 [WARN] PackLoader:240 - Cannot read IP mode file for STMicroelectronics.X-CUBE-NFC4.3.0.0
2025-02-22 13:10:25,793 [INFO] UserAuth:486 - Internet connection configuration mode: 1
2025-02-22 13:10:25,806 [WARN] PackLoader:240 - Cannot read IP mode file for EmbeddedOffice.I-CUBE-FS-RTOS.1.0.1
2025-02-22 13:10:25,829 [WARN] PackLoader:240 - Cannot read IP mode file for STMicroelectronics.X-CUBE-TCPP.4.2.0
2025-02-22 13:10:25,849 [WARN] PackLoader:240 - Cannot read IP mode file for RealThread.X-CUBE-RT-Thread_Nano.4.1.1
2025-02-22 13:10:25,866 [WARN] PackLoader:240 - Cannot read IP mode file for STMicroelectronics.FP-ATR-SIGFOX1.3.2.0
2025-02-22 13:10:25,878 [WARN] PackLoader:240 - Cannot read IP mode file for wolfSSL.I-CUBE-wolfSSL.5.7.2
2025-02-22 13:10:25,890 [WARN] ConditionMgr:438 - getConditionDescription Invalid condition id : Cortex-A Device cause : null
2025-02-22 13:10:25,906 [WARN] ConditionMgr:1044 - genDependencies : Invalid condition id : Cortex-A Device cause : null
2025-02-22 13:10:25,906 [WARN] ConditionMgr:1044 - genDependencies : Invalid condition id : Cortex-A Device cause : null
2025-02-22 13:10:25,906 [WARN] ConditionMgr:1044 - genDependencies : Invalid condition id : Cortex-A Device cause : null
2025-02-22 13:10:25,919 [WARN] PackLoader:240 - Cannot read IP mode file for STMicroelectronics.X-CUBE-EEPRMA1.5.1.0
2025-02-22 13:10:25,932 [WARN] PackLoader:240 - Cannot read IP mode file for ITTIA_DB.I-CUBE-ITTIADB.8.9.0
2025-02-22 13:10:25,976 [WARN] PackLoader:240 - Cannot read IP mode file for SEGGER.I-CUBE-embOS.1.3.1
2025-02-22 13:10:26,021 [WARN] PackLoader:240 - Cannot read IP mode file for STMicroelectronics.X-CUBE-ALGOBUILD.1.4.0
2025-02-22 13:10:26,033 [WARN] PackLoader:240 - Cannot read IP mode file for STMicroelectronics.X-CUBE-AI.9.1.0
2025-02-22 13:10:26,057 [WARN] PackLoader:240 - Cannot read IP mode file for STMicroelectronics.X-CUBE-AZRTOS-F4.1.1.0
2025-02-22 13:10:26,069 [WARN] PackLoader:240 - Cannot read IP mode file for STMicroelectronics.X-CUBE-ISPU.2.1.0
2025-02-22 13:10:26,083 [WARN] PackLoader:240 - Cannot read IP mode file for STMicroelectronics.X-CUBE-FREERTOS.1.2.0
2025-02-22 13:10:26,107 [WARN] PackLoader:240 - Cannot read IP mode file for STMicroelectronics.X-CUBE-AZRTOS-L5.2.0.0
2025-02-22 13:10:26,120 [WARN] PackLoader:240 - Cannot read IP mode file for STMicroelectronics.X-CUBE-NFC6.3.1.0
2025-02-22 13:10:26,133 [WARN] PackLoader:240 - Cannot read IP mode file for STMicroelectronics.X-CUBE-DPower.1.2.0
2025-02-22 13:10:26,145 [WARN] PackLoader:240 - Cannot read IP mode file for STMicroelectronics.X-CUBE-AI.9.0.0
2025-02-22 13:10:26,156 [WARN] PackLoader:240 - Cannot read IP mode file for STMicroelectronics.X-CUBE-FREERTOS.1.3.0
2025-02-22 13:10:26,167 [WARN] PackLoader:240 - Cannot read IP mode file for STMicroelectronics.X-CUBE-NFC7.1.0.1
2025-02-22 13:10:26,190 [WARN] ConditionMgr:438 - getConditionDescription Invalid condition id : LAN8742 Phy interface Condition cause : null
2025-02-22 13:10:26,190 [WARN] PackLoader:240 - Cannot read IP mode file for STMicroelectronics.X-CUBE-AZRTOS-L4.2.0.0
2025-02-22 13:10:26,191 [WARN] ConditionMgr:1044 - genDependencies : Invalid condition id : LAN8742 Phy interface Condition cause : null
2025-02-22 13:10:26,191 [WARN] ConditionMgr:1044 - genDependencies : Invalid condition id : LAN8742 Phy interface Condition cause : null
2025-02-22 13:10:26,191 [WARN] ConditionMgr:1044 - genDependencies : Invalid condition id : LAN8742 Phy interface Condition cause : null
2025-02-22 13:10:26,205 [WARN] PackLoader:240 - Cannot read IP mode file for STMicroelectronics.X-CUBE-SFXS2LP1.4.0.0
2025-02-22 13:10:26,229 [WARN] PackLoader:240 - Cannot read IP mode file for STMicroelectronics.X-CUBE-AZRTOS-H7.3.3.0
2025-02-22 13:10:26,247 [WARN] PackLoader:240 - Cannot read IP mode file for STMicroelectronics.X-CUBE-IPS.3.0.0
2025-02-22 13:10:26,269 [WARN] ConditionMgr:438 - getConditionDescription Invalid condition id : UX DEVICE CLASS RTOS Condition cause : null
2025-02-22 13:10:26,269 [WARN] ConditionMgr:438 - getConditionDescription Invalid condition id : UX DEVICE CLASS RTOS Condition cause : null
2025-02-22 13:10:26,270 [WARN] PackLoader:240 - Cannot read IP mode file for STMicroelectronics.X-CUBE-AZRTOS-WB.2.0.0
2025-02-22 13:10:26,270 [WARN] ConditionMgr:1044 - genDependencies : Invalid condition id : UX DEVICE CLASS RTOS Condition cause : null
2025-02-22 13:10:26,270 [WARN] ConditionMgr:1044 - genDependencies : Invalid condition id : UX DEVICE CLASS RTOS Condition cause : null
2025-02-22 13:10:26,270 [WARN] ConditionMgr:1044 - genDependencies : Invalid condition id : UX DEVICE CLASS RTOS Condition cause : null
2025-02-22 13:10:26,271 [WARN] ConditionMgr:1044 - genDependencies : Invalid condition id : UX DEVICE CLASS RTOS Condition cause : null
2025-02-22 13:10:26,271 [WARN] ConditionMgr:1044 - genDependencies : Invalid condition id : UX DEVICE CLASS RTOS Condition cause : null
2025-02-22 13:10:26,283 [WARN] PackLoader:240 - Cannot read IP mode file for STMicroelectronics.X-CUBE-GNSS1.7.0.0
2025-02-22 13:10:26,299 [WARN] PackLoader:240 - Cannot read IP mode file for STMicroelectronics.X-CUBE-GNSS1.7.0.1
2025-02-22 13:10:26,313 [WARN] PackLoader:240 - Cannot read IP mode file for STMicroelectronics.FP-SNS-STBOX1.2.0.0
2025-02-22 13:10:26,330 [WARN] PackLoader:240 - Cannot read IP mode file for STMicroelectronics.X-CUBE-SUBG2.5.0.0
2025-02-22 13:10:26,344 [WARN] PackLoader:240 - Cannot read IP mode file for Cesanta.I-CUBE-Mongoose.7.13.0
2025-02-22 13:10:26,363 [WARN] PackLoader:240 - Cannot read IP mode file for STMicroelectronics.X-CUBE-AZRTOS-G4.2.0.0
2025-02-22 13:10:26,379 [WARN] PackLoader:240 - Cannot read IP mode file for STMicroelectronics.X-CUBE-IPS.3.1.0
2025-02-22 13:10:26,394 [WARN] PackLoader:240 - Cannot read IP mode file for STMicroelectronics.X-CUBE-ALS.1.0.2
2025-02-22 13:10:26,407 [WARN] PackLoader:240 - Cannot read IP mode file for STMicroelectronics.X-CUBE-TOUCHGFX.4.24.2
2025-02-22 13:10:26,418 [WARN] PackLoader:240 - Cannot read IP mode file for STMicroelectronics.X-CUBE-TOUCHGFX.4.24.1
2025-02-22 13:10:26,428 [WARN] PackLoader:240 - Cannot read IP mode file for wolfSSL.I-CUBE-wolfTPM.3.4.0
2025-02-22 13:10:26,440 [WARN] PackLoader:240 - Cannot read IP mode file for portGmbH.I-Cube-SoM-uGOAL.1.1.0
2025-02-22 13:10:26,462 [WARN] PackLoader:240 - Cannot read IP mode file for STMicroelectronics.X-CUBE-AZRTOS-H7RS.1.0.0
2025-02-22 13:10:26,473 [WARN] PackLoader:240 - Cannot read IP mode file for STMicroelectronics.FP-ATR-ASTRA1.2.0.0
2025-02-22 13:10:26,488 [WARN] PackLoader:240 - Cannot read IP mode file for STMicroelectronics.X-CUBE-TOF1.3.4.2
2025-02-22 13:10:26,510 [WARN] PackLoader:240 - Cannot read IP mode file for Infineon.AIROC-Wi-Fi-Bluetooth-STM32.1.6.1
2025-02-22 13:10:26,521 [WARN] PackLoader:240 - Cannot read IP mode file for wolfSSL.I-CUBE-wolfSSH.1.4.17
2025-02-22 13:10:26,521 [INFO] ThirdParty:978 - Integrity check success = true
2025-02-22 13:10:26,521 [INFO] IntegrityCheckThread:100 - exiting critical section [integrity check]
2025-02-22 13:10:26,521 [INFO] IntegrityCheckThread:103 - End integrity checks thread
2025-02-22 13:10:35,640 [ERROR] LogOutputStream:75 - [STDERR_REDIRECT] 
